2015-02-20 22:57:08,395 [34] Orchard.ContentManagement.Drivers.Coordinators.ContentPartDriverCoordinator - Default - TargetInvocationException thrown from IContentPartDriver by Orchard.Core.Containers.Drivers.ContainerWidgetPartDriver
 http://localhost:1992/
System.Reflection.TargetInvocationException: Exception has been thrown by the target of an invocation. ---> System.NullReferenceException: Object reference not set to an instance of an object.
   at lambda_method(Closure )
   --- End of inner exception stack trace ---
   at System.RuntimeMethodHandle.InvokeMethod(Object target, Object[] arguments, Signature sig, Boolean constructor)
   at System.Reflection.RuntimeMethodInfo.UnsafeInvokeInternal(Object obj, Object[] parameters, Object[] arguments)
   at System.Delegate.DynamicInvokeImpl(Object[] args)
   at NHibernate.Linq.Visitors.Evaluator.SubtreeEvaluator.Evaluate(Expression e)
   at NHibernate.Linq.Visitors.Evaluator.SubtreeEvaluator.Visit(Expression exp)
   at NHibernate.Linq.Visitors.ExpressionVisitor.VisitBinary(BinaryExpression b)
   at NHibernate.Linq.Visitors.ExpressionVisitor.Visit(Expression exp)
   at NHibernate.Linq.Visitors.Evaluator.SubtreeEvaluator.Visit(Expression exp)
   at NHibernate.Linq.Visitors.ExpressionVisitor.VisitLambda(LambdaExpression lambda)
   at NHibernate.Linq.Visitors.ExpressionVisitor.Visit(Expression exp)
   at NHibernate.Linq.Visitors.Evaluator.SubtreeEvaluator.Visit(Expression exp)
   at NHibernate.Linq.Visitors.ExpressionVisitor.VisitUnary(UnaryExpression u)
   at NHibernate.Linq.Visitors.ExpressionVisitor.Visit(Expression exp)
   at NHibernate.Linq.Visitors.Evaluator.SubtreeEvaluator.Visit(Expression exp)
   at NHibernate.Linq.Visitors.ExpressionVisitor.VisitList(ReadOnlyCollection`1 original)
   at NHibernate.Linq.Visitors.ExpressionVisitor.VisitMethodCall(MethodCallExpression m)
   at NHibernate.Linq.Visitors.ExpressionVisitor.Visit(Expression exp)
   at NHibernate.Linq.Visitors.Evaluator.SubtreeEvaluator.Visit(Expression exp)
   at NHibernate.Linq.Visitors.Evaluator.PartialEval(Expression expression, Func`2 fnCanBeEvaluated)
   at NHibernate.Linq.Visitors.Evaluator.PartialEval(Expression expression)
   at NHibernate.Linq.NHibernateQueryProvider.TranslateExpression(Expression expression)
   at Orchard.ContentManagement.DefaultContentQuery.Where[TRecord](Expression`1 predicate, ICriteria bindCriteria) in z:\Builds\work\d1eb156ccc3cb14\src\Orchard\ContentManagement\DefaultContentQuery.cs:line 104
   at Orchard.ContentManagement.DefaultContentQuery.Where[TRecord](Expression`1 predicate) in z:\Builds\work\d1eb156ccc3cb14\src\Orchard\ContentManagement\DefaultContentQuery.cs:line 94
   at Orchard.ContentManagement.DefaultContentQuery.ContentQuery`2.Orchard.ContentManagement.IContentQuery<T,TR>.Where(Expression`1 predicate) in z:\Builds\work\d1eb156ccc3cb14\src\Orchard\ContentManagement\DefaultContentQuery.cs:line 318
   at Orchard.Core.Containers.Drivers.ContainerWidgetPartDriver.<>c__DisplayClass6.<Display>b__4() in z:\Builds\work\d1eb156ccc3cb14\src\Orchard.Web\Core\Containers\Drivers\ContainerWidgetPartDriver.cs:line 30
   at Orchard.ContentManagement.Drivers.ContentPartDriver`1.<>c__DisplayClassf.<ContentShape>b__e(BuildShapeContext ctx) in z:\Builds\work\d1eb156ccc3cb14\src\Orchard\ContentManagement\Drivers\ContentPartDriver.cs:line 131
   at Orchard.ContentManagement.Drivers.ContentPartDriver`1.<>c__DisplayClass15.<ContentShapeImplementation>b__14(BuildShapeContext ctx) in z:\Builds\work\d1eb156ccc3cb14\src\Orchard\ContentManagement\Drivers\ContentPartDriver.cs:line 140
   at Orchard.ContentManagement.Drivers.ContentShapeResult.ApplyImplementation(BuildShapeContext context, String displayType) in z:\Builds\work\d1eb156ccc3cb14\src\Orchard\ContentManagement\Drivers\ContentShapeResult.cs:line 45
   at Orchard.ContentManagement.Drivers.ContentShapeResult.Apply(BuildDisplayContext context) in z:\Builds\work\d1eb156ccc3cb14\src\Orchard\ContentManagement\Drivers\ContentShapeResult.cs:line 21
   at Orchard.ContentManagement.Drivers.Coordinators.ContentPartDriverCoordinator.<>c__DisplayClassa.<BuildDisplay>b__9(IContentPartDriver driver) in z:\Builds\work\d1eb156ccc3cb14\src\Orchard\ContentManagement\Drivers\Coordinators\ContentPartDriverCoordinator.cs:line 49
   at Orchard.InvokeExtensions.Invoke[TEvents](IEnumerable`1 events, Action`1 dispatch, ILogger logger) in z:\Builds\work\d1eb156ccc3cb14\src\Orchard\InvokeExtensions.cs:line 17
2015-02-20 22:58:04,188 [31] Orchard.ContentManagement.Drivers.Coordinators.ContentPartDriverCoordinator - Default - TargetInvocationException thrown from IContentPartDriver by Orchard.Core.Containers.Drivers.ContainerWidgetPartDriver
 http://localhost:1992/
System.Reflection.TargetInvocationException: Exception has been thrown by the target of an invocation. ---> System.NullReferenceException: Object reference not set to an instance of an object.
   at lambda_method(Closure )
   --- End of inner exception stack trace ---
   at System.RuntimeMethodHandle.InvokeMethod(Object target, Object[] arguments, Signature sig, Boolean constructor)
   at System.Reflection.RuntimeMethodInfo.UnsafeInvokeInternal(Object obj, Object[] parameters, Object[] arguments)
   at System.Delegate.DynamicInvokeImpl(Object[] args)
   at NHibernate.Linq.Visitors.Evaluator.SubtreeEvaluator.Evaluate(Expression e)
   at NHibernate.Linq.Visitors.Evaluator.SubtreeEvaluator.Visit(Expression exp)
   at NHibernate.Linq.Visitors.ExpressionVisitor.VisitBinary(BinaryExpression b)
   at NHibernate.Linq.Visitors.ExpressionVisitor.Visit(Expression exp)
   at NHibernate.Linq.Visitors.Evaluator.SubtreeEvaluator.Visit(Expression exp)
   at NHibernate.Linq.Visitors.ExpressionVisitor.VisitLambda(LambdaExpression lambda)
   at NHibernate.Linq.Visitors.ExpressionVisitor.Visit(Expression exp)
   at NHibernate.Linq.Visitors.Evaluator.SubtreeEvaluator.Visit(Expression exp)
   at NHibernate.Linq.Visitors.ExpressionVisitor.VisitUnary(UnaryExpression u)
   at NHibernate.Linq.Visitors.ExpressionVisitor.Visit(Expression exp)
   at NHibernate.Linq.Visitors.Evaluator.SubtreeEvaluator.Visit(Expression exp)
   at NHibernate.Linq.Visitors.ExpressionVisitor.VisitList(ReadOnlyCollection`1 original)
   at NHibernate.Linq.Visitors.ExpressionVisitor.VisitMethodCall(MethodCallExpression m)
   at NHibernate.Linq.Visitors.ExpressionVisitor.Visit(Expression exp)
   at NHibernate.Linq.Visitors.Evaluator.SubtreeEvaluator.Visit(Expression exp)
   at NHibernate.Linq.Visitors.Evaluator.PartialEval(Expression expression, Func`2 fnCanBeEvaluated)
   at NHibernate.Linq.Visitors.Evaluator.PartialEval(Expression expression)
   at NHibernate.Linq.NHibernateQueryProvider.TranslateExpression(Expression expression)
   at Orchard.ContentManagement.DefaultContentQuery.Where[TRecord](Expression`1 predicate, ICriteria bindCriteria) in z:\Builds\work\d1eb156ccc3cb14\src\Orchard\ContentManagement\DefaultContentQuery.cs:line 104
   at Orchard.ContentManagement.DefaultContentQuery.Where[TRecord](Expression`1 predicate) in z:\Builds\work\d1eb156ccc3cb14\src\Orchard\ContentManagement\DefaultContentQuery.cs:line 94
   at Orchard.ContentManagement.DefaultContentQuery.ContentQuery`2.Orchard.ContentManagement.IContentQuery<T,TR>.Where(Expression`1 predicate) in z:\Builds\work\d1eb156ccc3cb14\src\Orchard\ContentManagement\DefaultContentQuery.cs:line 318
   at Orchard.Core.Containers.Drivers.ContainerWidgetPartDriver.<>c__DisplayClass6.<Display>b__4() in z:\Builds\work\d1eb156ccc3cb14\src\Orchard.Web\Core\Containers\Drivers\ContainerWidgetPartDriver.cs:line 30
   at Orchard.ContentManagement.Drivers.ContentPartDriver`1.<>c__DisplayClassf.<ContentShape>b__e(BuildShapeContext ctx) in z:\Builds\work\d1eb156ccc3cb14\src\Orchard\ContentManagement\Drivers\ContentPartDriver.cs:line 131
   at Orchard.ContentManagement.Drivers.ContentPartDriver`1.<>c__DisplayClass15.<ContentShapeImplementation>b__14(BuildShapeContext ctx) in z:\Builds\work\d1eb156ccc3cb14\src\Orchard\ContentManagement\Drivers\ContentPartDriver.cs:line 140
   at Orchard.ContentManagement.Drivers.ContentShapeResult.ApplyImplementation(BuildShapeContext context, String displayType) in z:\Builds\work\d1eb156ccc3cb14\src\Orchard\ContentManagement\Drivers\ContentShapeResult.cs:line 45
   at Orchard.ContentManagement.Drivers.ContentShapeResult.Apply(BuildDisplayContext context) in z:\Builds\work\d1eb156ccc3cb14\src\Orchard\ContentManagement\Drivers\ContentShapeResult.cs:line 21
   at Orchard.ContentManagement.Drivers.Coordinators.ContentPartDriverCoordinator.<>c__DisplayClassa.<BuildDisplay>b__9(IContentPartDriver driver) in z:\Builds\work\d1eb156ccc3cb14\src\Orchard\ContentManagement\Drivers\Coordinators\ContentPartDriverCoordinator.cs:line 49
   at Orchard.InvokeExtensions.Invoke[TEvents](IEnumerable`1 events, Action`1 dispatch, ILogger logger) in z:\Builds\work\d1eb156ccc3cb14\src\Orchard\InvokeExtensions.cs:line 17
2015-02-20 22:58:09,115 [71] Orchard.ContentManagement.Drivers.Coordinators.ContentPartDriverCoordinator - Default - TargetInvocationException thrown from IContentPartDriver by Orchard.Core.Containers.Drivers.ContainerWidgetPartDriver
 http://localhost:1992/
System.Reflection.TargetInvocationException: Exception has been thrown by the target of an invocation. ---> System.NullReferenceException: Object reference not set to an instance of an object.
   at lambda_method(Closure )
   --- End of inner exception stack trace ---
   at System.RuntimeMethodHandle.InvokeMethod(Object target, Object[] arguments, Signature sig, Boolean constructor)
   at System.Reflection.RuntimeMethodInfo.UnsafeInvokeInternal(Object obj, Object[] parameters, Object[] arguments)
   at System.Delegate.DynamicInvokeImpl(Object[] args)
   at NHibernate.Linq.Visitors.Evaluator.SubtreeEvaluator.Evaluate(Expression e)
   at NHibernate.Linq.Visitors.Evaluator.SubtreeEvaluator.Visit(Expression exp)
   at NHibernate.Linq.Visitors.ExpressionVisitor.VisitBinary(BinaryExpression b)
   at NHibernate.Linq.Visitors.ExpressionVisitor.Visit(Expression exp)
   at NHibernate.Linq.Visitors.Evaluator.SubtreeEvaluator.Visit(Expression exp)
   at NHibernate.Linq.Visitors.ExpressionVisitor.VisitLambda(LambdaExpression lambda)
   at NHibernate.Linq.Visitors.ExpressionVisitor.Visit(Expression exp)
   at NHibernate.Linq.Visitors.Evaluator.SubtreeEvaluator.Visit(Expression exp)
   at NHibernate.Linq.Visitors.ExpressionVisitor.VisitUnary(UnaryExpression u)
   at NHibernate.Linq.Visitors.ExpressionVisitor.Visit(Expression exp)
   at NHibernate.Linq.Visitors.Evaluator.SubtreeEvaluator.Visit(Expression exp)
   at NHibernate.Linq.Visitors.ExpressionVisitor.VisitList(ReadOnlyCollection`1 original)
   at NHibernate.Linq.Visitors.ExpressionVisitor.VisitMethodCall(MethodCallExpression m)
   at NHibernate.Linq.Visitors.ExpressionVisitor.Visit(Expression exp)
   at NHibernate.Linq.Visitors.Evaluator.SubtreeEvaluator.Visit(Expression exp)
   at NHibernate.Linq.Visitors.Evaluator.PartialEval(Expression expression, Func`2 fnCanBeEvaluated)
   at NHibernate.Linq.Visitors.Evaluator.PartialEval(Expression expression)
   at NHibernate.Linq.NHibernateQueryProvider.TranslateExpression(Expression expression)
   at Orchard.ContentManagement.DefaultContentQuery.Where[TRecord](Expression`1 predicate, ICriteria bindCriteria) in z:\Builds\work\d1eb156ccc3cb14\src\Orchard\ContentManagement\DefaultContentQuery.cs:line 104
   at Orchard.ContentManagement.DefaultContentQuery.Where[TRecord](Expression`1 predicate) in z:\Builds\work\d1eb156ccc3cb14\src\Orchard\ContentManagement\DefaultContentQuery.cs:line 94
   at Orchard.ContentManagement.DefaultContentQuery.ContentQuery`2.Orchard.ContentManagement.IContentQuery<T,TR>.Where(Expression`1 predicate) in z:\Builds\work\d1eb156ccc3cb14\src\Orchard\ContentManagement\DefaultContentQuery.cs:line 318
   at Orchard.Core.Containers.Drivers.ContainerWidgetPartDriver.<>c__DisplayClass6.<Display>b__4() in z:\Builds\work\d1eb156ccc3cb14\src\Orchard.Web\Core\Containers\Drivers\ContainerWidgetPartDriver.cs:line 30
   at Orchard.ContentManagement.Drivers.ContentPartDriver`1.<>c__DisplayClassf.<ContentShape>b__e(BuildShapeContext ctx) in z:\Builds\work\d1eb156ccc3cb14\src\Orchard\ContentManagement\Drivers\ContentPartDriver.cs:line 131
   at Orchard.ContentManagement.Drivers.ContentPartDriver`1.<>c__DisplayClass15.<ContentShapeImplementation>b__14(BuildShapeContext ctx) in z:\Builds\work\d1eb156ccc3cb14\src\Orchard\ContentManagement\Drivers\ContentPartDriver.cs:line 140
   at Orchard.ContentManagement.Drivers.ContentShapeResult.ApplyImplementation(BuildShapeContext context, String displayType) in z:\Builds\work\d1eb156ccc3cb14\src\Orchard\ContentManagement\Drivers\ContentShapeResult.cs:line 45
   at Orchard.ContentManagement.Drivers.ContentShapeResult.Apply(BuildDisplayContext context) in z:\Builds\work\d1eb156ccc3cb14\src\Orchard\ContentManagement\Drivers\ContentShapeResult.cs:line 21
   at Orchard.ContentManagement.Drivers.Coordinators.ContentPartDriverCoordinator.<>c__DisplayClassa.<BuildDisplay>b__9(IContentPartDriver driver) in z:\Builds\work\d1eb156ccc3cb14\src\Orchard\ContentManagement\Drivers\Coordinators\ContentPartDriverCoordinator.cs:line 49
   at Orchard.InvokeExtensions.Invoke[TEvents](IEnumerable`1 events, Action`1 dispatch, ILogger logger) in z:\Builds\work\d1eb156ccc3cb14\src\Orchard\InvokeExtensions.cs:line 17
2015-02-20 23:10:24,997 [63] Orchard.ContentManagement.Drivers.Coordinators.ContentPartDriverCoordinator - Default - TargetInvocationException thrown from IContentPartDriver by Orchard.Core.Containers.Drivers.ContainerWidgetPartDriver
 http://localhost:1992/
System.Reflection.TargetInvocationException: Exception has been thrown by the target of an invocation. ---> System.NullReferenceException: Object reference not set to an instance of an object.
   at lambda_method(Closure )
   --- End of inner exception stack trace ---
   at System.RuntimeMethodHandle.InvokeMethod(Object target, Object[] arguments, Signature sig, Boolean constructor)
   at System.Reflection.RuntimeMethodInfo.UnsafeInvokeInternal(Object obj, Object[] parameters, Object[] arguments)
   at System.Delegate.DynamicInvokeImpl(Object[] args)
   at NHibernate.Linq.Visitors.Evaluator.SubtreeEvaluator.Evaluate(Expression e)
   at NHibernate.Linq.Visitors.Evaluator.SubtreeEvaluator.Visit(Expression exp)
   at NHibernate.Linq.Visitors.ExpressionVisitor.VisitBinary(BinaryExpression b)
   at NHibernate.Linq.Visitors.ExpressionVisitor.Visit(Expression exp)
   at NHibernate.Linq.Visitors.Evaluator.SubtreeEvaluator.Visit(Expression exp)
   at NHibernate.Linq.Visitors.ExpressionVisitor.VisitLambda(LambdaExpression lambda)
   at NHibernate.Linq.Visitors.ExpressionVisitor.Visit(Expression exp)
   at NHibernate.Linq.Visitors.Evaluator.SubtreeEvaluator.Visit(Expression exp)
   at NHibernate.Linq.Visitors.ExpressionVisitor.VisitUnary(UnaryExpression u)
   at NHibernate.Linq.Visitors.ExpressionVisitor.Visit(Expression exp)
   at NHibernate.Linq.Visitors.Evaluator.SubtreeEvaluator.Visit(Expression exp)
   at NHibernate.Linq.Visitors.ExpressionVisitor.VisitList(ReadOnlyCollection`1 original)
   at NHibernate.Linq.Visitors.ExpressionVisitor.VisitMethodCall(MethodCallExpression m)
   at NHibernate.Linq.Visitors.ExpressionVisitor.Visit(Expression exp)
   at NHibernate.Linq.Visitors.Evaluator.SubtreeEvaluator.Visit(Expression exp)
   at NHibernate.Linq.Visitors.Evaluator.PartialEval(Expression expression, Func`2 fnCanBeEvaluated)
   at NHibernate.Linq.Visitors.Evaluator.PartialEval(Expression expression)
   at NHibernate.Linq.NHibernateQueryProvider.TranslateExpression(Expression expression)
   at Orchard.ContentManagement.DefaultContentQuery.Where[TRecord](Expression`1 predicate, ICriteria bindCriteria) in z:\Builds\work\d1eb156ccc3cb14\src\Orchard\ContentManagement\DefaultContentQuery.cs:line 104
   at Orchard.ContentManagement.DefaultContentQuery.Where[TRecord](Expression`1 predicate) in z:\Builds\work\d1eb156ccc3cb14\src\Orchard\ContentManagement\DefaultContentQuery.cs:line 94
   at Orchard.ContentManagement.DefaultContentQuery.ContentQuery`2.Orchard.ContentManagement.IContentQuery<T,TR>.Where(Expression`1 predicate) in z:\Builds\work\d1eb156ccc3cb14\src\Orchard\ContentManagement\DefaultContentQuery.cs:line 318
   at Orchard.Core.Containers.Drivers.ContainerWidgetPartDriver.<>c__DisplayClass6.<Display>b__4() in z:\Builds\work\d1eb156ccc3cb14\src\Orchard.Web\Core\Containers\Drivers\ContainerWidgetPartDriver.cs:line 30
   at Orchard.ContentManagement.Drivers.ContentPartDriver`1.<>c__DisplayClassf.<ContentShape>b__e(BuildShapeContext ctx) in z:\Builds\work\d1eb156ccc3cb14\src\Orchard\ContentManagement\Drivers\ContentPartDriver.cs:line 131
   at Orchard.ContentManagement.Drivers.ContentPartDriver`1.<>c__DisplayClass15.<ContentShapeImplementation>b__14(BuildShapeContext ctx) in z:\Builds\work\d1eb156ccc3cb14\src\Orchard\ContentManagement\Drivers\ContentPartDriver.cs:line 140
   at Orchard.ContentManagement.Drivers.ContentShapeResult.ApplyImplementation(BuildShapeContext context, String displayType) in z:\Builds\work\d1eb156ccc3cb14\src\Orchard\ContentManagement\Drivers\ContentShapeResult.cs:line 45
   at Orchard.ContentManagement.Drivers.ContentShapeResult.Apply(BuildDisplayContext context) in z:\Builds\work\d1eb156ccc3cb14\src\Orchard\ContentManagement\Drivers\ContentShapeResult.cs:line 21
   at Orchard.ContentManagement.Drivers.Coordinators.ContentPartDriverCoordinator.<>c__DisplayClassa.<BuildDisplay>b__9(IContentPartDriver driver) in z:\Builds\work\d1eb156ccc3cb14\src\Orchard\ContentManagement\Drivers\Coordinators\ContentPartDriverCoordinator.cs:line 49
   at Orchard.InvokeExtensions.Invoke[TEvents](IEnumerable`1 events, Action`1 dispatch, ILogger logger) in z:\Builds\work\d1eb156ccc3cb14\src\Orchard\InvokeExtensions.cs:line 17
2015-02-20 23:11:13,625 [44] Orchard.ContentManagement.Drivers.Coordinators.ContentPartDriverCoordinator - Default - TargetInvocationException thrown from IContentPartDriver by Orchard.Core.Containers.Drivers.ContainerWidgetPartDriver
 http://localhost:1992/
System.Reflection.TargetInvocationException: Exception has been thrown by the target of an invocation. ---> System.NullReferenceException: Object reference not set to an instance of an object.
   at lambda_method(Closure )
   --- End of inner exception stack trace ---
   at System.RuntimeMethodHandle.InvokeMethod(Object target, Object[] arguments, Signature sig, Boolean constructor)
   at System.Reflection.RuntimeMethodInfo.UnsafeInvokeInternal(Object obj, Object[] parameters, Object[] arguments)
   at System.Delegate.DynamicInvokeImpl(Object[] args)
   at NHibernate.Linq.Visitors.Evaluator.SubtreeEvaluator.Evaluate(Expression e)
   at NHibernate.Linq.Visitors.Evaluator.SubtreeEvaluator.Visit(Expression exp)
   at NHibernate.Linq.Visitors.ExpressionVisitor.VisitBinary(BinaryExpression b)
   at NHibernate.Linq.Visitors.ExpressionVisitor.Visit(Expression exp)
   at NHibernate.Linq.Visitors.Evaluator.SubtreeEvaluator.Visit(Expression exp)
   at NHibernate.Linq.Visitors.ExpressionVisitor.VisitLambda(LambdaExpression lambda)
   at NHibernate.Linq.Visitors.ExpressionVisitor.Visit(Expression exp)
   at NHibernate.Linq.Visitors.Evaluator.SubtreeEvaluator.Visit(Expression exp)
   at NHibernate.Linq.Visitors.ExpressionVisitor.VisitUnary(UnaryExpression u)
   at NHibernate.Linq.Visitors.ExpressionVisitor.Visit(Expression exp)
   at NHibernate.Linq.Visitors.Evaluator.SubtreeEvaluator.Visit(Expression exp)
   at NHibernate.Linq.Visitors.ExpressionVisitor.VisitList(ReadOnlyCollection`1 original)
   at NHibernate.Linq.Visitors.ExpressionVisitor.VisitMethodCall(MethodCallExpression m)
   at NHibernate.Linq.Visitors.ExpressionVisitor.Visit(Expression exp)
   at NHibernate.Linq.Visitors.Evaluator.SubtreeEvaluator.Visit(Expression exp)
   at NHibernate.Linq.Visitors.Evaluator.PartialEval(Expression expression, Func`2 fnCanBeEvaluated)
   at NHibernate.Linq.Visitors.Evaluator.PartialEval(Expression expression)
   at NHibernate.Linq.NHibernateQueryProvider.TranslateExpression(Expression expression)
   at Orchard.ContentManagement.DefaultContentQuery.Where[TRecord](Expression`1 predicate, ICriteria bindCriteria) in z:\Builds\work\d1eb156ccc3cb14\src\Orchard\ContentManagement\DefaultContentQuery.cs:line 104
   at Orchard.ContentManagement.DefaultContentQuery.Where[TRecord](Expression`1 predicate) in z:\Builds\work\d1eb156ccc3cb14\src\Orchard\ContentManagement\DefaultContentQuery.cs:line 94
   at Orchard.ContentManagement.DefaultContentQuery.ContentQuery`2.Orchard.ContentManagement.IContentQuery<T,TR>.Where(Expression`1 predicate) in z:\Builds\work\d1eb156ccc3cb14\src\Orchard\ContentManagement\DefaultContentQuery.cs:line 318
   at Orchard.Core.Containers.Drivers.ContainerWidgetPartDriver.<>c__DisplayClass6.<Display>b__4() in z:\Builds\work\d1eb156ccc3cb14\src\Orchard.Web\Core\Containers\Drivers\ContainerWidgetPartDriver.cs:line 30
   at Orchard.ContentManagement.Drivers.ContentPartDriver`1.<>c__DisplayClassf.<ContentShape>b__e(BuildShapeContext ctx) in z:\Builds\work\d1eb156ccc3cb14\src\Orchard\ContentManagement\Drivers\ContentPartDriver.cs:line 131
   at Orchard.ContentManagement.Drivers.ContentPartDriver`1.<>c__DisplayClass15.<ContentShapeImplementation>b__14(BuildShapeContext ctx) in z:\Builds\work\d1eb156ccc3cb14\src\Orchard\ContentManagement\Drivers\ContentPartDriver.cs:line 140
   at Orchard.ContentManagement.Drivers.ContentShapeResult.ApplyImplementation(BuildShapeContext context, String displayType) in z:\Builds\work\d1eb156ccc3cb14\src\Orchard\ContentManagement\Drivers\ContentShapeResult.cs:line 45
   at Orchard.ContentManagement.Drivers.ContentShapeResult.Apply(BuildDisplayContext context) in z:\Builds\work\d1eb156ccc3cb14\src\Orchard\ContentManagement\Drivers\ContentShapeResult.cs:line 21
   at Orchard.ContentManagement.Drivers.Coordinators.ContentPartDriverCoordinator.<>c__DisplayClassa.<BuildDisplay>b__9(IContentPartDriver driver) in z:\Builds\work\d1eb156ccc3cb14\src\Orchard\ContentManagement\Drivers\Coordinators\ContentPartDriverCoordinator.cs:line 49
   at Orchard.InvokeExtensions.Invoke[TEvents](IEnumerable`1 events, Action`1 dispatch, ILogger logger) in z:\Builds\work\d1eb156ccc3cb14\src\Orchard\InvokeExtensions.cs:line 17
2015-02-20 23:24:59,849 [41] Orchard.ContentManagement.Drivers.Coordinators.ContentPartDriverCoordinator - Default - TargetInvocationException thrown from IContentPartDriver by Orchard.Core.Containers.Drivers.ContainerWidgetPartDriver
 http://localhost:1992/
System.Reflection.TargetInvocationException: Exception has been thrown by the target of an invocation. ---> System.NullReferenceException: Object reference not set to an instance of an object.
   at lambda_method(Closure )
   --- End of inner exception stack trace ---
   at System.RuntimeMethodHandle.InvokeMethod(Object target, Object[] arguments, Signature sig, Boolean constructor)
   at System.Reflection.RuntimeMethodInfo.UnsafeInvokeInternal(Object obj, Object[] parameters, Object[] arguments)
   at System.Delegate.DynamicInvokeImpl(Object[] args)
   at NHibernate.Linq.Visitors.Evaluator.SubtreeEvaluator.Evaluate(Expression e)
   at NHibernate.Linq.Visitors.Evaluator.SubtreeEvaluator.Visit(Expression exp)
   at NHibernate.Linq.Visitors.ExpressionVisitor.VisitBinary(BinaryExpression b)
   at NHibernate.Linq.Visitors.ExpressionVisitor.Visit(Expression exp)
   at NHibernate.Linq.Visitors.Evaluator.SubtreeEvaluator.Visit(Expression exp)
   at NHibernate.Linq.Visitors.ExpressionVisitor.VisitLambda(LambdaExpression lambda)
   at NHibernate.Linq.Visitors.ExpressionVisitor.Visit(Expression exp)
   at NHibernate.Linq.Visitors.Evaluator.SubtreeEvaluator.Visit(Expression exp)
   at NHibernate.Linq.Visitors.ExpressionVisitor.VisitUnary(UnaryExpression u)
   at NHibernate.Linq.Visitors.ExpressionVisitor.Visit(Expression exp)
   at NHibernate.Linq.Visitors.Evaluator.SubtreeEvaluator.Visit(Expression exp)
   at NHibernate.Linq.Visitors.ExpressionVisitor.VisitList(ReadOnlyCollection`1 original)
   at NHibernate.Linq.Visitors.ExpressionVisitor.VisitMethodCall(MethodCallExpression m)
   at NHibernate.Linq.Visitors.ExpressionVisitor.Visit(Expression exp)
   at NHibernate.Linq.Visitors.Evaluator.SubtreeEvaluator.Visit(Expression exp)
   at NHibernate.Linq.Visitors.Evaluator.PartialEval(Expression expression, Func`2 fnCanBeEvaluated)
   at NHibernate.Linq.Visitors.Evaluator.PartialEval(Expression expression)
   at NHibernate.Linq.NHibernateQueryProvider.TranslateExpression(Expression expression)
   at Orchard.ContentManagement.DefaultContentQuery.Where[TRecord](Expression`1 predicate, ICriteria bindCriteria) in z:\Builds\work\d1eb156ccc3cb14\src\Orchard\ContentManagement\DefaultContentQuery.cs:line 104
   at Orchard.ContentManagement.DefaultContentQuery.Where[TRecord](Expression`1 predicate) in z:\Builds\work\d1eb156ccc3cb14\src\Orchard\ContentManagement\DefaultContentQuery.cs:line 94
   at Orchard.ContentManagement.DefaultContentQuery.ContentQuery`2.Orchard.ContentManagement.IContentQuery<T,TR>.Where(Expression`1 predicate) in z:\Builds\work\d1eb156ccc3cb14\src\Orchard\ContentManagement\DefaultContentQuery.cs:line 318
   at Orchard.Core.Containers.Drivers.ContainerWidgetPartDriver.<>c__DisplayClass6.<Display>b__4() in z:\Builds\work\d1eb156ccc3cb14\src\Orchard.Web\Core\Containers\Drivers\ContainerWidgetPartDriver.cs:line 30
   at Orchard.ContentManagement.Drivers.ContentPartDriver`1.<>c__DisplayClassf.<ContentShape>b__e(BuildShapeContext ctx) in z:\Builds\work\d1eb156ccc3cb14\src\Orchard\ContentManagement\Drivers\ContentPartDriver.cs:line 131
   at Orchard.ContentManagement.Drivers.ContentPartDriver`1.<>c__DisplayClass15.<ContentShapeImplementation>b__14(BuildShapeContext ctx) in z:\Builds\work\d1eb156ccc3cb14\src\Orchard\ContentManagement\Drivers\ContentPartDriver.cs:line 140
   at Orchard.ContentManagement.Drivers.ContentShapeResult.ApplyImplementation(BuildShapeContext context, String displayType) in z:\Builds\work\d1eb156ccc3cb14\src\Orchard\ContentManagement\Drivers\ContentShapeResult.cs:line 45
   at Orchard.ContentManagement.Drivers.ContentShapeResult.Apply(BuildDisplayContext context) in z:\Builds\work\d1eb156ccc3cb14\src\Orchard\ContentManagement\Drivers\ContentShapeResult.cs:line 21
   at Orchard.ContentManagement.Drivers.Coordinators.ContentPartDriverCoordinator.<>c__DisplayClassa.<BuildDisplay>b__9(IContentPartDriver driver) in z:\Builds\work\d1eb156ccc3cb14\src\Orchard\ContentManagement\Drivers\Coordinators\ContentPartDriverCoordinator.cs:line 49
   at Orchard.InvokeExtensions.Invoke[TEvents](IEnumerable`1 events, Action`1 dispatch, ILogger logger) in z:\Builds\work\d1eb156ccc3cb14\src\Orchard\InvokeExtensions.cs:line 17
2015-02-20 23:28:06,668 [50] Orchard.ContentManagement.Drivers.Coordinators.ContentPartDriverCoordinator - Default - TargetInvocationException thrown from IContentPartDriver by Orchard.Core.Containers.Drivers.ContainerWidgetPartDriver
 http://localhost:1992/graph2
System.Reflection.TargetInvocationException: Exception has been thrown by the target of an invocation. ---> System.NullReferenceException: Object reference not set to an instance of an object.
   at lambda_method(Closure )
   --- End of inner exception stack trace ---
   at System.RuntimeMethodHandle.InvokeMethod(Object target, Object[] arguments, Signature sig, Boolean constructor)
   at System.Reflection.RuntimeMethodInfo.UnsafeInvokeInternal(Object obj, Object[] parameters, Object[] arguments)
   at System.Delegate.DynamicInvokeImpl(Object[] args)
   at NHibernate.Linq.Visitors.Evaluator.SubtreeEvaluator.Evaluate(Expression e)
   at NHibernate.Linq.Visitors.Evaluator.SubtreeEvaluator.Visit(Expression exp)
   at NHibernate.Linq.Visitors.ExpressionVisitor.VisitBinary(BinaryExpression b)
   at NHibernate.Linq.Visitors.ExpressionVisitor.Visit(Expression exp)
   at NHibernate.Linq.Visitors.Evaluator.SubtreeEvaluator.Visit(Expression exp)
   at NHibernate.Linq.Visitors.ExpressionVisitor.VisitLambda(LambdaExpression lambda)
   at NHibernate.Linq.Visitors.ExpressionVisitor.Visit(Expression exp)
   at NHibernate.Linq.Visitors.Evaluator.SubtreeEvaluator.Visit(Expression exp)
   at NHibernate.Linq.Visitors.ExpressionVisitor.VisitUnary(UnaryExpression u)
   at NHibernate.Linq.Visitors.ExpressionVisitor.Visit(Expression exp)
   at NHibernate.Linq.Visitors.Evaluator.SubtreeEvaluator.Visit(Expression exp)
   at NHibernate.Linq.Visitors.ExpressionVisitor.VisitList(ReadOnlyCollection`1 original)
   at NHibernate.Linq.Visitors.ExpressionVisitor.VisitMethodCall(MethodCallExpression m)
   at NHibernate.Linq.Visitors.ExpressionVisitor.Visit(Expression exp)
   at NHibernate.Linq.Visitors.Evaluator.SubtreeEvaluator.Visit(Expression exp)
   at NHibernate.Linq.Visitors.Evaluator.PartialEval(Expression expression, Func`2 fnCanBeEvaluated)
   at NHibernate.Linq.Visitors.Evaluator.PartialEval(Expression expression)
   at NHibernate.Linq.NHibernateQueryProvider.TranslateExpression(Expression expression)
   at Orchard.ContentManagement.DefaultContentQuery.Where[TRecord](Expression`1 predicate, ICriteria bindCriteria) in z:\Builds\work\d1eb156ccc3cb14\src\Orchard\ContentManagement\DefaultContentQuery.cs:line 104
   at Orchard.ContentManagement.DefaultContentQuery.Where[TRecord](Expression`1 predicate) in z:\Builds\work\d1eb156ccc3cb14\src\Orchard\ContentManagement\DefaultContentQuery.cs:line 94
   at Orchard.ContentManagement.DefaultContentQuery.ContentQuery`2.Orchard.ContentManagement.IContentQuery<T,TR>.Where(Expression`1 predicate) in z:\Builds\work\d1eb156ccc3cb14\src\Orchard\ContentManagement\DefaultContentQuery.cs:line 318
   at Orchard.Core.Containers.Drivers.ContainerWidgetPartDriver.<>c__DisplayClass6.<Display>b__4() in z:\Builds\work\d1eb156ccc3cb14\src\Orchard.Web\Core\Containers\Drivers\ContainerWidgetPartDriver.cs:line 30
   at Orchard.ContentManagement.Drivers.ContentPartDriver`1.<>c__DisplayClassf.<ContentShape>b__e(BuildShapeContext ctx) in z:\Builds\work\d1eb156ccc3cb14\src\Orchard\ContentManagement\Drivers\ContentPartDriver.cs:line 131
   at Orchard.ContentManagement.Drivers.ContentPartDriver`1.<>c__DisplayClass15.<ContentShapeImplementation>b__14(BuildShapeContext ctx) in z:\Builds\work\d1eb156ccc3cb14\src\Orchard\ContentManagement\Drivers\ContentPartDriver.cs:line 140
   at Orchard.ContentManagement.Drivers.ContentShapeResult.ApplyImplementation(BuildShapeContext context, String displayType) in z:\Builds\work\d1eb156ccc3cb14\src\Orchard\ContentManagement\Drivers\ContentShapeResult.cs:line 45
   at Orchard.ContentManagement.Drivers.ContentShapeResult.Apply(BuildDisplayContext context) in z:\Builds\work\d1eb156ccc3cb14\src\Orchard\ContentManagement\Drivers\ContentShapeResult.cs:line 21
   at Orchard.ContentManagement.Drivers.Coordinators.ContentPartDriverCoordinator.<>c__DisplayClassa.<BuildDisplay>b__9(IContentPartDriver driver) in z:\Builds\work\d1eb156ccc3cb14\src\Orchard\ContentManagement\Drivers\Coordinators\ContentPartDriverCoordinator.cs:line 49
   at Orchard.InvokeExtensions.Invoke[TEvents](IEnumerable`1 events, Action`1 dispatch, ILogger logger) in z:\Builds\work\d1eb156ccc3cb14\src\Orchard\InvokeExtensions.cs:line 17
2015-02-20 23:28:10,037 [41] Orchard.ContentManagement.Drivers.Coordinators.ContentPartDriverCoordinator - Default - TargetInvocationException thrown from IContentPartDriver by Orchard.Core.Containers.Drivers.ContainerWidgetPartDriver
 http://localhost:1992/
System.Reflection.TargetInvocationException: Exception has been thrown by the target of an invocation. ---> System.NullReferenceException: Object reference not set to an instance of an object.
   at lambda_method(Closure )
   --- End of inner exception stack trace ---
   at System.RuntimeMethodHandle.InvokeMethod(Object target, Object[] arguments, Signature sig, Boolean constructor)
   at System.Reflection.RuntimeMethodInfo.UnsafeInvokeInternal(Object obj, Object[] parameters, Object[] arguments)
   at System.Delegate.DynamicInvokeImpl(Object[] args)
   at NHibernate.Linq.Visitors.Evaluator.SubtreeEvaluator.Evaluate(Expression e)
   at NHibernate.Linq.Visitors.Evaluator.SubtreeEvaluator.Visit(Expression exp)
   at NHibernate.Linq.Visitors.ExpressionVisitor.VisitBinary(BinaryExpression b)
   at NHibernate.Linq.Visitors.ExpressionVisitor.Visit(Expression exp)
   at NHibernate.Linq.Visitors.Evaluator.SubtreeEvaluator.Visit(Expression exp)
   at NHibernate.Linq.Visitors.ExpressionVisitor.VisitLambda(LambdaExpression lambda)
   at NHibernate.Linq.Visitors.ExpressionVisitor.Visit(Expression exp)
   at NHibernate.Linq.Visitors.Evaluator.SubtreeEvaluator.Visit(Expression exp)
   at NHibernate.Linq.Visitors.ExpressionVisitor.VisitUnary(UnaryExpression u)
   at NHibernate.Linq.Visitors.ExpressionVisitor.Visit(Expression exp)
   at NHibernate.Linq.Visitors.Evaluator.SubtreeEvaluator.Visit(Expression exp)
   at NHibernate.Linq.Visitors.ExpressionVisitor.VisitList(ReadOnlyCollection`1 original)
   at NHibernate.Linq.Visitors.ExpressionVisitor.VisitMethodCall(MethodCallExpression m)
   at NHibernate.Linq.Visitors.ExpressionVisitor.Visit(Expression exp)
   at NHibernate.Linq.Visitors.Evaluator.SubtreeEvaluator.Visit(Expression exp)
   at NHibernate.Linq.Visitors.Evaluator.PartialEval(Expression expression, Func`2 fnCanBeEvaluated)
   at NHibernate.Linq.Visitors.Evaluator.PartialEval(Expression expression)
   at NHibernate.Linq.NHibernateQueryProvider.TranslateExpression(Expression expression)
   at Orchard.ContentManagement.DefaultContentQuery.Where[TRecord](Expression`1 predicate, ICriteria bindCriteria) in z:\Builds\work\d1eb156ccc3cb14\src\Orchard\ContentManagement\DefaultContentQuery.cs:line 104
   at Orchard.ContentManagement.DefaultContentQuery.Where[TRecord](Expression`1 predicate) in z:\Builds\work\d1eb156ccc3cb14\src\Orchard\ContentManagement\DefaultContentQuery.cs:line 94
   at Orchard.ContentManagement.DefaultContentQuery.ContentQuery`2.Orchard.ContentManagement.IContentQuery<T,TR>.Where(Expression`1 predicate) in z:\Builds\work\d1eb156ccc3cb14\src\Orchard\ContentManagement\DefaultContentQuery.cs:line 318
   at Orchard.Core.Containers.Drivers.ContainerWidgetPartDriver.<>c__DisplayClass6.<Display>b__4() in z:\Builds\work\d1eb156ccc3cb14\src\Orchard.Web\Core\Containers\Drivers\ContainerWidgetPartDriver.cs:line 30
   at Orchard.ContentManagement.Drivers.ContentPartDriver`1.<>c__DisplayClassf.<ContentShape>b__e(BuildShapeContext ctx) in z:\Builds\work\d1eb156ccc3cb14\src\Orchard\ContentManagement\Drivers\ContentPartDriver.cs:line 131
   at Orchard.ContentManagement.Drivers.ContentPartDriver`1.<>c__DisplayClass15.<ContentShapeImplementation>b__14(BuildShapeContext ctx) in z:\Builds\work\d1eb156ccc3cb14\src\Orchard\ContentManagement\Drivers\ContentPartDriver.cs:line 140
   at Orchard.ContentManagement.Drivers.ContentShapeResult.ApplyImplementation(BuildShapeContext context, String displayType) in z:\Builds\work\d1eb156ccc3cb14\src\Orchard\ContentManagement\Drivers\ContentShapeResult.cs:line 45
   at Orchard.ContentManagement.Drivers.ContentShapeResult.Apply(BuildDisplayContext context) in z:\Builds\work\d1eb156ccc3cb14\src\Orchard\ContentManagement\Drivers\ContentShapeResult.cs:line 21
   at Orchard.ContentManagement.Drivers.Coordinators.ContentPartDriverCoordinator.<>c__DisplayClassa.<BuildDisplay>b__9(IContentPartDriver driver) in z:\Builds\work\d1eb156ccc3cb14\src\Orchard\ContentManagement\Drivers\Coordinators\ContentPartDriverCoordinator.cs:line 49
   at Orchard.InvokeExtensions.Invoke[TEvents](IEnumerable`1 events, Action`1 dispatch, ILogger logger) in z:\Builds\work\d1eb156ccc3cb14\src\Orchard\InvokeExtensions.cs:line 17
2015-02-20 23:28:38,979 [6] Orchard.ContentManagement.Drivers.Coordinators.ContentPartDriverCoordinator - Default - TargetInvocationException thrown from IContentPartDriver by Orchard.Core.Containers.Drivers.ContainerWidgetPartDriver
 http://localhost:1992/
System.Reflection.TargetInvocationException: Exception has been thrown by the target of an invocation. ---> System.NullReferenceException: Object reference not set to an instance of an object.
   at lambda_method(Closure )
   --- End of inner exception stack trace ---
   at System.RuntimeMethodHandle.InvokeMethod(Object target, Object[] arguments, Signature sig, Boolean constructor)
   at System.Reflection.RuntimeMethodInfo.UnsafeInvokeInternal(Object obj, Object[] parameters, Object[] arguments)
   at System.Delegate.DynamicInvokeImpl(Object[] args)
   at NHibernate.Linq.Visitors.Evaluator.SubtreeEvaluator.Evaluate(Expression e)
   at NHibernate.Linq.Visitors.Evaluator.SubtreeEvaluator.Visit(Expression exp)
   at NHibernate.Linq.Visitors.ExpressionVisitor.VisitBinary(BinaryExpression b)
   at NHibernate.Linq.Visitors.ExpressionVisitor.Visit(Expression exp)
   at NHibernate.Linq.Visitors.Evaluator.SubtreeEvaluator.Visit(Expression exp)
   at NHibernate.Linq.Visitors.ExpressionVisitor.VisitLambda(LambdaExpression lambda)
   at NHibernate.Linq.Visitors.ExpressionVisitor.Visit(Expression exp)
   at NHibernate.Linq.Visitors.Evaluator.SubtreeEvaluator.Visit(Expression exp)
   at NHibernate.Linq.Visitors.ExpressionVisitor.VisitUnary(UnaryExpression u)
   at NHibernate.Linq.Visitors.ExpressionVisitor.Visit(Expression exp)
   at NHibernate.Linq.Visitors.Evaluator.SubtreeEvaluator.Visit(Expression exp)
   at NHibernate.Linq.Visitors.ExpressionVisitor.VisitList(ReadOnlyCollection`1 original)
   at NHibernate.Linq.Visitors.ExpressionVisitor.VisitMethodCall(MethodCallExpression m)
   at NHibernate.Linq.Visitors.ExpressionVisitor.Visit(Expression exp)
   at NHibernate.Linq.Visitors.Evaluator.SubtreeEvaluator.Visit(Expression exp)
   at NHibernate.Linq.Visitors.Evaluator.PartialEval(Expression expression, Func`2 fnCanBeEvaluated)
   at NHibernate.Linq.Visitors.Evaluator.PartialEval(Expression expression)
   at NHibernate.Linq.NHibernateQueryProvider.TranslateExpression(Expression expression)
   at Orchard.ContentManagement.DefaultContentQuery.Where[TRecord](Expression`1 predicate, ICriteria bindCriteria) in z:\Builds\work\d1eb156ccc3cb14\src\Orchard\ContentManagement\DefaultContentQuery.cs:line 104
   at Orchard.ContentManagement.DefaultContentQuery.Where[TRecord](Expression`1 predicate) in z:\Builds\work\d1eb156ccc3cb14\src\Orchard\ContentManagement\DefaultContentQuery.cs:line 94
   at Orchard.ContentManagement.DefaultContentQuery.ContentQuery`2.Orchard.ContentManagement.IContentQuery<T,TR>.Where(Expression`1 predicate) in z:\Builds\work\d1eb156ccc3cb14\src\Orchard\ContentManagement\DefaultContentQuery.cs:line 318
   at Orchard.Core.Containers.Drivers.ContainerWidgetPartDriver.<>c__DisplayClass6.<Display>b__4() in z:\Builds\work\d1eb156ccc3cb14\src\Orchard.Web\Core\Containers\Drivers\ContainerWidgetPartDriver.cs:line 30
   at Orchard.ContentManagement.Drivers.ContentPartDriver`1.<>c__DisplayClassf.<ContentShape>b__e(BuildShapeContext ctx) in z:\Builds\work\d1eb156ccc3cb14\src\Orchard\ContentManagement\Drivers\ContentPartDriver.cs:line 131
   at Orchard.ContentManagement.Drivers.ContentPartDriver`1.<>c__DisplayClass15.<ContentShapeImplementation>b__14(BuildShapeContext ctx) in z:\Builds\work\d1eb156ccc3cb14\src\Orchard\ContentManagement\Drivers\ContentPartDriver.cs:line 140
   at Orchard.ContentManagement.Drivers.ContentShapeResult.ApplyImplementation(BuildShapeContext context, String displayType) in z:\Builds\work\d1eb156ccc3cb14\src\Orchard\ContentManagement\Drivers\ContentShapeResult.cs:line 45
   at Orchard.ContentManagement.Drivers.ContentShapeResult.Apply(BuildDisplayContext context) in z:\Builds\work\d1eb156ccc3cb14\src\Orchard\ContentManagement\Drivers\ContentShapeResult.cs:line 21
   at Orchard.ContentManagement.Drivers.Coordinators.ContentPartDriverCoordinator.<>c__DisplayClassa.<BuildDisplay>b__9(IContentPartDriver driver) in z:\Builds\work\d1eb156ccc3cb14\src\Orchard\ContentManagement\Drivers\Coordinators\ContentPartDriverCoordinator.cs:line 49
   at Orchard.InvokeExtensions.Invoke[TEvents](IEnumerable`1 events, Action`1 dispatch, ILogger logger) in z:\Builds\work\d1eb156ccc3cb14\src\Orchard\InvokeExtensions.cs:line 17
2015-02-20 23:47:12,842 [74] Orchard.ContentManagement.Drivers.Coordinators.ContentPartDriverCoordinator - Default - TargetInvocationException thrown from IContentPartDriver by Orchard.Core.Containers.Drivers.ContainerWidgetPartDriver
 http://localhost:1992/graph2
System.Reflection.TargetInvocationException: Exception has been thrown by the target of an invocation. ---> System.NullReferenceException: Object reference not set to an instance of an object.
   at lambda_method(Closure )
   --- End of inner exception stack trace ---
   at System.RuntimeMethodHandle.InvokeMethod(Object target, Object[] arguments, Signature sig, Boolean constructor)
   at System.Reflection.RuntimeMethodInfo.UnsafeInvokeInternal(Object obj, Object[] parameters, Object[] arguments)
   at System.Delegate.DynamicInvokeImpl(Object[] args)
   at NHibernate.Linq.Visitors.Evaluator.SubtreeEvaluator.Evaluate(Expression e)
   at NHibernate.Linq.Visitors.Evaluator.SubtreeEvaluator.Visit(Expression exp)
   at NHibernate.Linq.Visitors.ExpressionVisitor.VisitBinary(BinaryExpression b)
   at NHibernate.Linq.Visitors.ExpressionVisitor.Visit(Expression exp)
   at NHibernate.Linq.Visitors.Evaluator.SubtreeEvaluator.Visit(Expression exp)
   at NHibernate.Linq.Visitors.ExpressionVisitor.VisitLambda(LambdaExpression lambda)
   at NHibernate.Linq.Visitors.ExpressionVisitor.Visit(Expression exp)
   at NHibernate.Linq.Visitors.Evaluator.SubtreeEvaluator.Visit(Expression exp)
   at NHibernate.Linq.Visitors.ExpressionVisitor.VisitUnary(UnaryExpression u)
   at NHibernate.Linq.Visitors.ExpressionVisitor.Visit(Expression exp)
   at NHibernate.Linq.Visitors.Evaluator.SubtreeEvaluator.Visit(Expression exp)
   at NHibernate.Linq.Visitors.ExpressionVisitor.VisitList(ReadOnlyCollection`1 original)
   at NHibernate.Linq.Visitors.ExpressionVisitor.VisitMethodCall(MethodCallExpression m)
   at NHibernate.Linq.Visitors.ExpressionVisitor.Visit(Expression exp)
   at NHibernate.Linq.Visitors.Evaluator.SubtreeEvaluator.Visit(Expression exp)
   at NHibernate.Linq.Visitors.Evaluator.PartialEval(Expression expression, Func`2 fnCanBeEvaluated)
   at NHibernate.Linq.Visitors.Evaluator.PartialEval(Expression expression)
   at NHibernate.Linq.NHibernateQueryProvider.TranslateExpression(Expression expression)
   at Orchard.ContentManagement.DefaultContentQuery.Where[TRecord](Expression`1 predicate, ICriteria bindCriteria) in z:\Builds\work\d1eb156ccc3cb14\src\Orchard\ContentManagement\DefaultContentQuery.cs:line 104
   at Orchard.ContentManagement.DefaultContentQuery.Where[TRecord](Expression`1 predicate) in z:\Builds\work\d1eb156ccc3cb14\src\Orchard\ContentManagement\DefaultContentQuery.cs:line 94
   at Orchard.ContentManagement.DefaultContentQuery.ContentQuery`2.Orchard.ContentManagement.IContentQuery<T,TR>.Where(Expression`1 predicate) in z:\Builds\work\d1eb156ccc3cb14\src\Orchard\ContentManagement\DefaultContentQuery.cs:line 318
   at Orchard.Core.Containers.Drivers.ContainerWidgetPartDriver.<>c__DisplayClass6.<Display>b__4() in z:\Builds\work\d1eb156ccc3cb14\src\Orchard.Web\Core\Containers\Drivers\ContainerWidgetPartDriver.cs:line 30
   at Orchard.ContentManagement.Drivers.ContentPartDriver`1.<>c__DisplayClassf.<ContentShape>b__e(BuildShapeContext ctx) in z:\Builds\work\d1eb156ccc3cb14\src\Orchard\ContentManagement\Drivers\ContentPartDriver.cs:line 131
   at Orchard.ContentManagement.Drivers.ContentPartDriver`1.<>c__DisplayClass15.<ContentShapeImplementation>b__14(BuildShapeContext ctx) in z:\Builds\work\d1eb156ccc3cb14\src\Orchard\ContentManagement\Drivers\ContentPartDriver.cs:line 140
   at Orchard.ContentManagement.Drivers.ContentShapeResult.ApplyImplementation(BuildShapeContext context, String displayType) in z:\Builds\work\d1eb156ccc3cb14\src\Orchard\ContentManagement\Drivers\ContentShapeResult.cs:line 45
   at Orchard.ContentManagement.Drivers.ContentShapeResult.Apply(BuildDisplayContext context) in z:\Builds\work\d1eb156ccc3cb14\src\Orchard\ContentManagement\Drivers\ContentShapeResult.cs:line 21
   at Orchard.ContentManagement.Drivers.Coordinators.ContentPartDriverCoordinator.<>c__DisplayClassa.<BuildDisplay>b__9(IContentPartDriver driver) in z:\Builds\work\d1eb156ccc3cb14\src\Orchard\ContentManagement\Drivers\Coordinators\ContentPartDriverCoordinator.cs:line 49
   at Orchard.InvokeExtensions.Invoke[TEvents](IEnumerable`1 events, Action`1 dispatch, ILogger logger) in z:\Builds\work\d1eb156ccc3cb14\src\Orchard\InvokeExtensions.cs:line 17
2015-02-20 23:47:13,965 [74] Orchard.ContentManagement.Drivers.Coordinators.ContentPartDriverCoordinator - Default - TargetInvocationException thrown from IContentPartDriver by Orchard.Core.Containers.Drivers.ContainerWidgetPartDriver
 http://localhost:1992/
System.Reflection.TargetInvocationException: Exception has been thrown by the target of an invocation. ---> System.NullReferenceException: Object reference not set to an instance of an object.
   at lambda_method(Closure )
   --- End of inner exception stack trace ---
   at System.RuntimeMethodHandle.InvokeMethod(Object target, Object[] arguments, Signature sig, Boolean constructor)
   at System.Reflection.RuntimeMethodInfo.UnsafeInvokeInternal(Object obj, Object[] parameters, Object[] arguments)
   at System.Delegate.DynamicInvokeImpl(Object[] args)
   at NHibernate.Linq.Visitors.Evaluator.SubtreeEvaluator.Evaluate(Expression e)
   at NHibernate.Linq.Visitors.Evaluator.SubtreeEvaluator.Visit(Expression exp)
   at NHibernate.Linq.Visitors.ExpressionVisitor.VisitBinary(BinaryExpression b)
   at NHibernate.Linq.Visitors.ExpressionVisitor.Visit(Expression exp)
   at NHibernate.Linq.Visitors.Evaluator.SubtreeEvaluator.Visit(Expression exp)
   at NHibernate.Linq.Visitors.ExpressionVisitor.VisitLambda(LambdaExpression lambda)
   at NHibernate.Linq.Visitors.ExpressionVisitor.Visit(Expression exp)
   at NHibernate.Linq.Visitors.Evaluator.SubtreeEvaluator.Visit(Expression exp)
   at NHibernate.Linq.Visitors.ExpressionVisitor.VisitUnary(UnaryExpression u)
   at NHibernate.Linq.Visitors.ExpressionVisitor.Visit(Expression exp)
   at NHibernate.Linq.Visitors.Evaluator.SubtreeEvaluator.Visit(Expression exp)
   at NHibernate.Linq.Visitors.ExpressionVisitor.VisitList(ReadOnlyCollection`1 original)
   at NHibernate.Linq.Visitors.ExpressionVisitor.VisitMethodCall(MethodCallExpression m)
   at NHibernate.Linq.Visitors.ExpressionVisitor.Visit(Expression exp)
   at NHibernate.Linq.Visitors.Evaluator.SubtreeEvaluator.Visit(Expression exp)
   at NHibernate.Linq.Visitors.Evaluator.PartialEval(Expression expression, Func`2 fnCanBeEvaluated)
   at NHibernate.Linq.Visitors.Evaluator.PartialEval(Expression expression)
   at NHibernate.Linq.NHibernateQueryProvider.TranslateExpression(Expression expression)
   at Orchard.ContentManagement.DefaultContentQuery.Where[TRecord](Expression`1 predicate, ICriteria bindCriteria) in z:\Builds\work\d1eb156ccc3cb14\src\Orchard\ContentManagement\DefaultContentQuery.cs:line 104
   at Orchard.ContentManagement.DefaultContentQuery.Where[TRecord](Expression`1 predicate) in z:\Builds\work\d1eb156ccc3cb14\src\Orchard\ContentManagement\DefaultContentQuery.cs:line 94
   at Orchard.ContentManagement.DefaultContentQuery.ContentQuery`2.Orchard.ContentManagement.IContentQuery<T,TR>.Where(Expression`1 predicate) in z:\Builds\work\d1eb156ccc3cb14\src\Orchard\ContentManagement\DefaultContentQuery.cs:line 318
   at Orchard.Core.Containers.Drivers.ContainerWidgetPartDriver.<>c__DisplayClass6.<Display>b__4() in z:\Builds\work\d1eb156ccc3cb14\src\Orchard.Web\Core\Containers\Drivers\ContainerWidgetPartDriver.cs:line 30
   at Orchard.ContentManagement.Drivers.ContentPartDriver`1.<>c__DisplayClassf.<ContentShape>b__e(BuildShapeContext ctx) in z:\Builds\work\d1eb156ccc3cb14\src\Orchard\ContentManagement\Drivers\ContentPartDriver.cs:line 131
   at Orchard.ContentManagement.Drivers.ContentPartDriver`1.<>c__DisplayClass15.<ContentShapeImplementation>b__14(BuildShapeContext ctx) in z:\Builds\work\d1eb156ccc3cb14\src\Orchard\ContentManagement\Drivers\ContentPartDriver.cs:line 140
   at Orchard.ContentManagement.Drivers.ContentShapeResult.ApplyImplementation(BuildShapeContext context, String displayType) in z:\Builds\work\d1eb156ccc3cb14\src\Orchard\ContentManagement\Drivers\ContentShapeResult.cs:line 45
   at Orchard.ContentManagement.Drivers.ContentShapeResult.Apply(BuildDisplayContext context) in z:\Builds\work\d1eb156ccc3cb14\src\Orchard\ContentManagement\Drivers\ContentShapeResult.cs:line 21
   at Orchard.ContentManagement.Drivers.Coordinators.ContentPartDriverCoordinator.<>c__DisplayClassa.<BuildDisplay>b__9(IContentPartDriver driver) in z:\Builds\work\d1eb156ccc3cb14\src\Orchard\ContentManagement\Drivers\Coordinators\ContentPartDriverCoordinator.cs:line 49
   at Orchard.InvokeExtensions.Invoke[TEvents](IEnumerable`1 events, Action`1 dispatch, ILogger logger) in z:\Builds\work\d1eb156ccc3cb14\src\Orchard\InvokeExtensions.cs:line 17
