2015-02-21 12:45:28,521 [9] Orchard.ContentManagement.Drivers.Coordinators.ContentPartDriverCoordinator - Default - TargetInvocationException thrown from IContentPartDriver by Orchard.Core.Containers.Drivers.ContainerWidgetPartDriver
 http://localhost:1992/
System.Reflection.TargetInvocationException: Exception has been thrown by the target of an invocation. ---> System.NullReferenceException: Object reference not set to an instance of an object.
   at lambda_method(Closure )
   --- End of inner exception stack trace ---
   at System.RuntimeMethodHandle.InvokeMethod(Object target, Object[] arguments, Signature sig, Boolean constructor)
   at System.Reflection.RuntimeMethodInfo.UnsafeInvokeInternal(Object obj, Object[] parameters, Object[] arguments)
   at System.Delegate.DynamicInvokeImpl(Object[] args)
   at NHibernate.Linq.Visitors.Evaluator.SubtreeEvaluator.Evaluate(Expression e)
   at NHibernate.Linq.Visitors.Evaluator.SubtreeEvaluator.Visit(Expression exp)
   at NHibernate.Linq.Visitors.ExpressionVisitor.VisitBinary(BinaryExpression b)
   at NHibernate.Linq.Visitors.ExpressionVisitor.Visit(Expression exp)
   at NHibernate.Linq.Visitors.Evaluator.SubtreeEvaluator.Visit(Expression exp)
   at NHibernate.Linq.Visitors.ExpressionVisitor.VisitLambda(LambdaExpression lambda)
   at NHibernate.Linq.Visitors.ExpressionVisitor.Visit(Expression exp)
   at NHibernate.Linq.Visitors.Evaluator.SubtreeEvaluator.Visit(Expression exp)
   at NHibernate.Linq.Visitors.ExpressionVisitor.VisitUnary(UnaryExpression u)
   at NHibernate.Linq.Visitors.ExpressionVisitor.Visit(Expression exp)
   at NHibernate.Linq.Visitors.Evaluator.SubtreeEvaluator.Visit(Expression exp)
   at NHibernate.Linq.Visitors.ExpressionVisitor.VisitList(ReadOnlyCollection`1 original)
   at NHibernate.Linq.Visitors.ExpressionVisitor.VisitMethodCall(MethodCallExpression m)
   at NHibernate.Linq.Visitors.ExpressionVisitor.Visit(Expression exp)
   at NHibernate.Linq.Visitors.Evaluator.SubtreeEvaluator.Visit(Expression exp)
   at NHibernate.Linq.Visitors.Evaluator.PartialEval(Expression expression, Func`2 fnCanBeEvaluated)
   at NHibernate.Linq.Visitors.Evaluator.PartialEval(Expression expression)
   at NHibernate.Linq.NHibernateQueryProvider.TranslateExpression(Expression expression)
   at Orchard.ContentManagement.DefaultContentQuery.Where[TRecord](Expression`1 predicate, ICriteria bindCriteria) in z:\Builds\work\d1eb156ccc3cb14\src\Orchard\ContentManagement\DefaultContentQuery.cs:line 104
   at Orchard.ContentManagement.DefaultContentQuery.Where[TRecord](Expression`1 predicate) in z:\Builds\work\d1eb156ccc3cb14\src\Orchard\ContentManagement\DefaultContentQuery.cs:line 94
   at Orchard.ContentManagement.DefaultContentQuery.ContentQuery`2.Orchard.ContentManagement.IContentQuery<T,TR>.Where(Expression`1 predicate) in z:\Builds\work\d1eb156ccc3cb14\src\Orchard\ContentManagement\DefaultContentQuery.cs:line 318
   at Orchard.Core.Containers.Drivers.ContainerWidgetPartDriver.<>c__DisplayClass6.<Display>b__4() in z:\Builds\work\d1eb156ccc3cb14\src\Orchard.Web\Core\Containers\Drivers\ContainerWidgetPartDriver.cs:line 30
   at Orchard.ContentManagement.Drivers.ContentPartDriver`1.<>c__DisplayClassf.<ContentShape>b__e(BuildShapeContext ctx) in z:\Builds\work\d1eb156ccc3cb14\src\Orchard\ContentManagement\Drivers\ContentPartDriver.cs:line 131
   at Orchard.ContentManagement.Drivers.ContentPartDriver`1.<>c__DisplayClass15.<ContentShapeImplementation>b__14(BuildShapeContext ctx) in z:\Builds\work\d1eb156ccc3cb14\src\Orchard\ContentManagement\Drivers\ContentPartDriver.cs:line 140
   at Orchard.ContentManagement.Drivers.ContentShapeResult.ApplyImplementation(BuildShapeContext context, String displayType) in z:\Builds\work\d1eb156ccc3cb14\src\Orchard\ContentManagement\Drivers\ContentShapeResult.cs:line 45
   at Orchard.ContentManagement.Drivers.ContentShapeResult.Apply(BuildDisplayContext context) in z:\Builds\work\d1eb156ccc3cb14\src\Orchard\ContentManagement\Drivers\ContentShapeResult.cs:line 21
   at Orchard.ContentManagement.Drivers.Coordinators.ContentPartDriverCoordinator.<>c__DisplayClassa.<BuildDisplay>b__9(IContentPartDriver driver) in z:\Builds\work\d1eb156ccc3cb14\src\Orchard\ContentManagement\Drivers\Coordinators\ContentPartDriverCoordinator.cs:line 49
   at Orchard.InvokeExtensions.Invoke[TEvents](IEnumerable`1 events, Action`1 dispatch, ILogger logger) in z:\Builds\work\d1eb156ccc3cb14\src\Orchard\InvokeExtensions.cs:line 17
2015-02-21 12:45:28,524 [8] Orchard.ContentManagement.Drivers.Coordinators.ContentPartDriverCoordinator - Default - TargetInvocationException thrown from IContentPartDriver by Orchard.Core.Containers.Drivers.ContainerWidgetPartDriver
 http://localhost:1992/
System.Reflection.TargetInvocationException: Exception has been thrown by the target of an invocation. ---> System.NullReferenceException: Object reference not set to an instance of an object.
   at lambda_method(Closure )
   --- End of inner exception stack trace ---
   at System.RuntimeMethodHandle.InvokeMethod(Object target, Object[] arguments, Signature sig, Boolean constructor)
   at System.Reflection.RuntimeMethodInfo.UnsafeInvokeInternal(Object obj, Object[] parameters, Object[] arguments)
   at System.Delegate.DynamicInvokeImpl(Object[] args)
   at NHibernate.Linq.Visitors.Evaluator.SubtreeEvaluator.Evaluate(Expression e)
   at NHibernate.Linq.Visitors.Evaluator.SubtreeEvaluator.Visit(Expression exp)
   at NHibernate.Linq.Visitors.ExpressionVisitor.VisitBinary(BinaryExpression b)
   at NHibernate.Linq.Visitors.ExpressionVisitor.Visit(Expression exp)
   at NHibernate.Linq.Visitors.Evaluator.SubtreeEvaluator.Visit(Expression exp)
   at NHibernate.Linq.Visitors.ExpressionVisitor.VisitLambda(LambdaExpression lambda)
   at NHibernate.Linq.Visitors.ExpressionVisitor.Visit(Expression exp)
   at NHibernate.Linq.Visitors.Evaluator.SubtreeEvaluator.Visit(Expression exp)
   at NHibernate.Linq.Visitors.ExpressionVisitor.VisitUnary(UnaryExpression u)
   at NHibernate.Linq.Visitors.ExpressionVisitor.Visit(Expression exp)
   at NHibernate.Linq.Visitors.Evaluator.SubtreeEvaluator.Visit(Expression exp)
   at NHibernate.Linq.Visitors.ExpressionVisitor.VisitList(ReadOnlyCollection`1 original)
   at NHibernate.Linq.Visitors.ExpressionVisitor.VisitMethodCall(MethodCallExpression m)
   at NHibernate.Linq.Visitors.ExpressionVisitor.Visit(Expression exp)
   at NHibernate.Linq.Visitors.Evaluator.SubtreeEvaluator.Visit(Expression exp)
   at NHibernate.Linq.Visitors.Evaluator.PartialEval(Expression expression, Func`2 fnCanBeEvaluated)
   at NHibernate.Linq.Visitors.Evaluator.PartialEval(Expression expression)
   at NHibernate.Linq.NHibernateQueryProvider.TranslateExpression(Expression expression)
   at Orchard.ContentManagement.DefaultContentQuery.Where[TRecord](Expression`1 predicate, ICriteria bindCriteria) in z:\Builds\work\d1eb156ccc3cb14\src\Orchard\ContentManagement\DefaultContentQuery.cs:line 104
   at Orchard.ContentManagement.DefaultContentQuery.Where[TRecord](Expression`1 predicate) in z:\Builds\work\d1eb156ccc3cb14\src\Orchard\ContentManagement\DefaultContentQuery.cs:line 94
   at Orchard.ContentManagement.DefaultContentQuery.ContentQuery`2.Orchard.ContentManagement.IContentQuery<T,TR>.Where(Expression`1 predicate) in z:\Builds\work\d1eb156ccc3cb14\src\Orchard\ContentManagement\DefaultContentQuery.cs:line 318
   at Orchard.Core.Containers.Drivers.ContainerWidgetPartDriver.<>c__DisplayClass6.<Display>b__4() in z:\Builds\work\d1eb156ccc3cb14\src\Orchard.Web\Core\Containers\Drivers\ContainerWidgetPartDriver.cs:line 30
   at Orchard.ContentManagement.Drivers.ContentPartDriver`1.<>c__DisplayClassf.<ContentShape>b__e(BuildShapeContext ctx) in z:\Builds\work\d1eb156ccc3cb14\src\Orchard\ContentManagement\Drivers\ContentPartDriver.cs:line 131
   at Orchard.ContentManagement.Drivers.ContentPartDriver`1.<>c__DisplayClass15.<ContentShapeImplementation>b__14(BuildShapeContext ctx) in z:\Builds\work\d1eb156ccc3cb14\src\Orchard\ContentManagement\Drivers\ContentPartDriver.cs:line 140
   at Orchard.ContentManagement.Drivers.ContentShapeResult.ApplyImplementation(BuildShapeContext context, String displayType) in z:\Builds\work\d1eb156ccc3cb14\src\Orchard\ContentManagement\Drivers\ContentShapeResult.cs:line 45
   at Orchard.ContentManagement.Drivers.ContentShapeResult.Apply(BuildDisplayContext context) in z:\Builds\work\d1eb156ccc3cb14\src\Orchard\ContentManagement\Drivers\ContentShapeResult.cs:line 21
   at Orchard.ContentManagement.Drivers.Coordinators.ContentPartDriverCoordinator.<>c__DisplayClassa.<BuildDisplay>b__9(IContentPartDriver driver) in z:\Builds\work\d1eb156ccc3cb14\src\Orchard\ContentManagement\Drivers\Coordinators\ContentPartDriverCoordinator.cs:line 49
   at Orchard.InvokeExtensions.Invoke[TEvents](IEnumerable`1 events, Action`1 dispatch, ILogger logger) in z:\Builds\work\d1eb156ccc3cb14\src\Orchard\InvokeExtensions.cs:line 17
2015-02-21 14:01:27,870 [29] Orchard.ContentManagement.Drivers.Coordinators.ContentPartDriverCoordinator - Default - TargetInvocationException thrown from IContentPartDriver by Orchard.Core.Containers.Drivers.ContainerWidgetPartDriver
 http://localhost:1992/
System.Reflection.TargetInvocationException: Exception has been thrown by the target of an invocation. ---> System.NullReferenceException: Object reference not set to an instance of an object.
   at lambda_method(Closure )
   --- End of inner exception stack trace ---
   at System.RuntimeMethodHandle.InvokeMethod(Object target, Object[] arguments, Signature sig, Boolean constructor)
   at System.Reflection.RuntimeMethodInfo.UnsafeInvokeInternal(Object obj, Object[] parameters, Object[] arguments)
   at System.Delegate.DynamicInvokeImpl(Object[] args)
   at NHibernate.Linq.Visitors.Evaluator.SubtreeEvaluator.Evaluate(Expression e)
   at NHibernate.Linq.Visitors.Evaluator.SubtreeEvaluator.Visit(Expression exp)
   at NHibernate.Linq.Visitors.ExpressionVisitor.VisitBinary(BinaryExpression b)
   at NHibernate.Linq.Visitors.ExpressionVisitor.Visit(Expression exp)
   at NHibernate.Linq.Visitors.Evaluator.SubtreeEvaluator.Visit(Expression exp)
   at NHibernate.Linq.Visitors.ExpressionVisitor.VisitLambda(LambdaExpression lambda)
   at NHibernate.Linq.Visitors.ExpressionVisitor.Visit(Expression exp)
   at NHibernate.Linq.Visitors.Evaluator.SubtreeEvaluator.Visit(Expression exp)
   at NHibernate.Linq.Visitors.ExpressionVisitor.VisitUnary(UnaryExpression u)
   at NHibernate.Linq.Visitors.ExpressionVisitor.Visit(Expression exp)
   at NHibernate.Linq.Visitors.Evaluator.SubtreeEvaluator.Visit(Expression exp)
   at NHibernate.Linq.Visitors.ExpressionVisitor.VisitList(ReadOnlyCollection`1 original)
   at NHibernate.Linq.Visitors.ExpressionVisitor.VisitMethodCall(MethodCallExpression m)
   at NHibernate.Linq.Visitors.ExpressionVisitor.Visit(Expression exp)
   at NHibernate.Linq.Visitors.Evaluator.SubtreeEvaluator.Visit(Expression exp)
   at NHibernate.Linq.Visitors.Evaluator.PartialEval(Expression expression, Func`2 fnCanBeEvaluated)
   at NHibernate.Linq.Visitors.Evaluator.PartialEval(Expression expression)
   at NHibernate.Linq.NHibernateQueryProvider.TranslateExpression(Expression expression)
   at Orchard.ContentManagement.DefaultContentQuery.Where[TRecord](Expression`1 predicate, ICriteria bindCriteria) in z:\Builds\work\d1eb156ccc3cb14\src\Orchard\ContentManagement\DefaultContentQuery.cs:line 104
   at Orchard.ContentManagement.DefaultContentQuery.Where[TRecord](Expression`1 predicate) in z:\Builds\work\d1eb156ccc3cb14\src\Orchard\ContentManagement\DefaultContentQuery.cs:line 94
   at Orchard.ContentManagement.DefaultContentQuery.ContentQuery`2.Orchard.ContentManagement.IContentQuery<T,TR>.Where(Expression`1 predicate) in z:\Builds\work\d1eb156ccc3cb14\src\Orchard\ContentManagement\DefaultContentQuery.cs:line 318
   at Orchard.Core.Containers.Drivers.ContainerWidgetPartDriver.<>c__DisplayClass6.<Display>b__4() in z:\Builds\work\d1eb156ccc3cb14\src\Orchard.Web\Core\Containers\Drivers\ContainerWidgetPartDriver.cs:line 30
   at Orchard.ContentManagement.Drivers.ContentPartDriver`1.<>c__DisplayClassf.<ContentShape>b__e(BuildShapeContext ctx) in z:\Builds\work\d1eb156ccc3cb14\src\Orchard\ContentManagement\Drivers\ContentPartDriver.cs:line 131
   at Orchard.ContentManagement.Drivers.ContentPartDriver`1.<>c__DisplayClass15.<ContentShapeImplementation>b__14(BuildShapeContext ctx) in z:\Builds\work\d1eb156ccc3cb14\src\Orchard\ContentManagement\Drivers\ContentPartDriver.cs:line 140
   at Orchard.ContentManagement.Drivers.ContentShapeResult.ApplyImplementation(BuildShapeContext context, String displayType) in z:\Builds\work\d1eb156ccc3cb14\src\Orchard\ContentManagement\Drivers\ContentShapeResult.cs:line 45
   at Orchard.ContentManagement.Drivers.ContentShapeResult.Apply(BuildDisplayContext context) in z:\Builds\work\d1eb156ccc3cb14\src\Orchard\ContentManagement\Drivers\ContentShapeResult.cs:line 21
   at Orchard.ContentManagement.Drivers.Coordinators.ContentPartDriverCoordinator.<>c__DisplayClassa.<BuildDisplay>b__9(IContentPartDriver driver) in z:\Builds\work\d1eb156ccc3cb14\src\Orchard\ContentManagement\Drivers\Coordinators\ContentPartDriverCoordinator.cs:line 49
   at Orchard.InvokeExtensions.Invoke[TEvents](IEnumerable`1 events, Action`1 dispatch, ILogger logger) in z:\Builds\work\d1eb156ccc3cb14\src\Orchard\InvokeExtensions.cs:line 17
2015-02-21 14:53:29,544 [7] Orchard.ContentManagement.Drivers.Coordinators.ContentPartDriverCoordinator - Default - TargetInvocationException thrown from IContentPartDriver by Orchard.Core.Containers.Drivers.ContainerWidgetPartDriver
 http://localhost:1992/
System.Reflection.TargetInvocationException: Exception has been thrown by the target of an invocation. ---> System.NullReferenceException: Object reference not set to an instance of an object.
   at lambda_method(Closure )
   --- End of inner exception stack trace ---
   at System.RuntimeMethodHandle.InvokeMethod(Object target, Object[] arguments, Signature sig, Boolean constructor)
   at System.Reflection.RuntimeMethodInfo.UnsafeInvokeInternal(Object obj, Object[] parameters, Object[] arguments)
   at System.Delegate.DynamicInvokeImpl(Object[] args)
   at NHibernate.Linq.Visitors.Evaluator.SubtreeEvaluator.Evaluate(Expression e)
   at NHibernate.Linq.Visitors.Evaluator.SubtreeEvaluator.Visit(Expression exp)
   at NHibernate.Linq.Visitors.ExpressionVisitor.VisitBinary(BinaryExpression b)
   at NHibernate.Linq.Visitors.ExpressionVisitor.Visit(Expression exp)
   at NHibernate.Linq.Visitors.Evaluator.SubtreeEvaluator.Visit(Expression exp)
   at NHibernate.Linq.Visitors.ExpressionVisitor.VisitLambda(LambdaExpression lambda)
   at NHibernate.Linq.Visitors.ExpressionVisitor.Visit(Expression exp)
   at NHibernate.Linq.Visitors.Evaluator.SubtreeEvaluator.Visit(Expression exp)
   at NHibernate.Linq.Visitors.ExpressionVisitor.VisitUnary(UnaryExpression u)
   at NHibernate.Linq.Visitors.ExpressionVisitor.Visit(Expression exp)
   at NHibernate.Linq.Visitors.Evaluator.SubtreeEvaluator.Visit(Expression exp)
   at NHibernate.Linq.Visitors.ExpressionVisitor.VisitList(ReadOnlyCollection`1 original)
   at NHibernate.Linq.Visitors.ExpressionVisitor.VisitMethodCall(MethodCallExpression m)
   at NHibernate.Linq.Visitors.ExpressionVisitor.Visit(Expression exp)
   at NHibernate.Linq.Visitors.Evaluator.SubtreeEvaluator.Visit(Expression exp)
   at NHibernate.Linq.Visitors.Evaluator.PartialEval(Expression expression, Func`2 fnCanBeEvaluated)
   at NHibernate.Linq.Visitors.Evaluator.PartialEval(Expression expression)
   at NHibernate.Linq.NHibernateQueryProvider.TranslateExpression(Expression expression)
   at Orchard.ContentManagement.DefaultContentQuery.Where[TRecord](Expression`1 predicate, ICriteria bindCriteria) in z:\Builds\work\d1eb156ccc3cb14\src\Orchard\ContentManagement\DefaultContentQuery.cs:line 104
   at Orchard.ContentManagement.DefaultContentQuery.Where[TRecord](Expression`1 predicate) in z:\Builds\work\d1eb156ccc3cb14\src\Orchard\ContentManagement\DefaultContentQuery.cs:line 94
   at Orchard.ContentManagement.DefaultContentQuery.ContentQuery`2.Orchard.ContentManagement.IContentQuery<T,TR>.Where(Expression`1 predicate) in z:\Builds\work\d1eb156ccc3cb14\src\Orchard\ContentManagement\DefaultContentQuery.cs:line 318
   at Orchard.Core.Containers.Drivers.ContainerWidgetPartDriver.<>c__DisplayClass6.<Display>b__4() in z:\Builds\work\d1eb156ccc3cb14\src\Orchard.Web\Core\Containers\Drivers\ContainerWidgetPartDriver.cs:line 30
   at Orchard.ContentManagement.Drivers.ContentPartDriver`1.<>c__DisplayClassf.<ContentShape>b__e(BuildShapeContext ctx) in z:\Builds\work\d1eb156ccc3cb14\src\Orchard\ContentManagement\Drivers\ContentPartDriver.cs:line 131
   at Orchard.ContentManagement.Drivers.ContentPartDriver`1.<>c__DisplayClass15.<ContentShapeImplementation>b__14(BuildShapeContext ctx) in z:\Builds\work\d1eb156ccc3cb14\src\Orchard\ContentManagement\Drivers\ContentPartDriver.cs:line 140
   at Orchard.ContentManagement.Drivers.ContentShapeResult.ApplyImplementation(BuildShapeContext context, String displayType) in z:\Builds\work\d1eb156ccc3cb14\src\Orchard\ContentManagement\Drivers\ContentShapeResult.cs:line 45
   at Orchard.ContentManagement.Drivers.ContentShapeResult.Apply(BuildDisplayContext context) in z:\Builds\work\d1eb156ccc3cb14\src\Orchard\ContentManagement\Drivers\ContentShapeResult.cs:line 21
   at Orchard.ContentManagement.Drivers.Coordinators.ContentPartDriverCoordinator.<>c__DisplayClassa.<BuildDisplay>b__9(IContentPartDriver driver) in z:\Builds\work\d1eb156ccc3cb14\src\Orchard\ContentManagement\Drivers\Coordinators\ContentPartDriverCoordinator.cs:line 49
   at Orchard.InvokeExtensions.Invoke[TEvents](IEnumerable`1 events, Action`1 dispatch, ILogger logger) in z:\Builds\work\d1eb156ccc3cb14\src\Orchard\InvokeExtensions.cs:line 17
2015-02-21 14:56:15,346 [61] Orchard.ContentManagement.Drivers.Coordinators.ContentPartDriverCoordinator - Default - TargetInvocationException thrown from IContentPartDriver by Orchard.Core.Containers.Drivers.ContainerWidgetPartDriver
 http://localhost:1992/
System.Reflection.TargetInvocationException: Exception has been thrown by the target of an invocation. ---> System.NullReferenceException: Object reference not set to an instance of an object.
   at lambda_method(Closure )
   --- End of inner exception stack trace ---
   at System.RuntimeMethodHandle.InvokeMethod(Object target, Object[] arguments, Signature sig, Boolean constructor)
   at System.Reflection.RuntimeMethodInfo.UnsafeInvokeInternal(Object obj, Object[] parameters, Object[] arguments)
   at System.Delegate.DynamicInvokeImpl(Object[] args)
   at NHibernate.Linq.Visitors.Evaluator.SubtreeEvaluator.Evaluate(Expression e)
   at NHibernate.Linq.Visitors.Evaluator.SubtreeEvaluator.Visit(Expression exp)
   at NHibernate.Linq.Visitors.ExpressionVisitor.VisitBinary(BinaryExpression b)
   at NHibernate.Linq.Visitors.ExpressionVisitor.Visit(Expression exp)
   at NHibernate.Linq.Visitors.Evaluator.SubtreeEvaluator.Visit(Expression exp)
   at NHibernate.Linq.Visitors.ExpressionVisitor.VisitLambda(LambdaExpression lambda)
   at NHibernate.Linq.Visitors.ExpressionVisitor.Visit(Expression exp)
   at NHibernate.Linq.Visitors.Evaluator.SubtreeEvaluator.Visit(Expression exp)
   at NHibernate.Linq.Visitors.ExpressionVisitor.VisitUnary(UnaryExpression u)
   at NHibernate.Linq.Visitors.ExpressionVisitor.Visit(Expression exp)
   at NHibernate.Linq.Visitors.Evaluator.SubtreeEvaluator.Visit(Expression exp)
   at NHibernate.Linq.Visitors.ExpressionVisitor.VisitList(ReadOnlyCollection`1 original)
   at NHibernate.Linq.Visitors.ExpressionVisitor.VisitMethodCall(MethodCallExpression m)
   at NHibernate.Linq.Visitors.ExpressionVisitor.Visit(Expression exp)
   at NHibernate.Linq.Visitors.Evaluator.SubtreeEvaluator.Visit(Expression exp)
   at NHibernate.Linq.Visitors.Evaluator.PartialEval(Expression expression, Func`2 fnCanBeEvaluated)
   at NHibernate.Linq.Visitors.Evaluator.PartialEval(Expression expression)
   at NHibernate.Linq.NHibernateQueryProvider.TranslateExpression(Expression expression)
   at Orchard.ContentManagement.DefaultContentQuery.Where[TRecord](Expression`1 predicate, ICriteria bindCriteria) in z:\Builds\work\d1eb156ccc3cb14\src\Orchard\ContentManagement\DefaultContentQuery.cs:line 104
   at Orchard.ContentManagement.DefaultContentQuery.Where[TRecord](Expression`1 predicate) in z:\Builds\work\d1eb156ccc3cb14\src\Orchard\ContentManagement\DefaultContentQuery.cs:line 94
   at Orchard.ContentManagement.DefaultContentQuery.ContentQuery`2.Orchard.ContentManagement.IContentQuery<T,TR>.Where(Expression`1 predicate) in z:\Builds\work\d1eb156ccc3cb14\src\Orchard\ContentManagement\DefaultContentQuery.cs:line 318
   at Orchard.Core.Containers.Drivers.ContainerWidgetPartDriver.<>c__DisplayClass6.<Display>b__4() in z:\Builds\work\d1eb156ccc3cb14\src\Orchard.Web\Core\Containers\Drivers\ContainerWidgetPartDriver.cs:line 30
   at Orchard.ContentManagement.Drivers.ContentPartDriver`1.<>c__DisplayClassf.<ContentShape>b__e(BuildShapeContext ctx) in z:\Builds\work\d1eb156ccc3cb14\src\Orchard\ContentManagement\Drivers\ContentPartDriver.cs:line 131
   at Orchard.ContentManagement.Drivers.ContentPartDriver`1.<>c__DisplayClass15.<ContentShapeImplementation>b__14(BuildShapeContext ctx) in z:\Builds\work\d1eb156ccc3cb14\src\Orchard\ContentManagement\Drivers\ContentPartDriver.cs:line 140
   at Orchard.ContentManagement.Drivers.ContentShapeResult.ApplyImplementation(BuildShapeContext context, String displayType) in z:\Builds\work\d1eb156ccc3cb14\src\Orchard\ContentManagement\Drivers\ContentShapeResult.cs:line 45
   at Orchard.ContentManagement.Drivers.ContentShapeResult.Apply(BuildDisplayContext context) in z:\Builds\work\d1eb156ccc3cb14\src\Orchard\ContentManagement\Drivers\ContentShapeResult.cs:line 21
   at Orchard.ContentManagement.Drivers.Coordinators.ContentPartDriverCoordinator.<>c__DisplayClassa.<BuildDisplay>b__9(IContentPartDriver driver) in z:\Builds\work\d1eb156ccc3cb14\src\Orchard\ContentManagement\Drivers\Coordinators\ContentPartDriverCoordinator.cs:line 49
   at Orchard.InvokeExtensions.Invoke[TEvents](IEnumerable`1 events, Action`1 dispatch, ILogger logger) in z:\Builds\work\d1eb156ccc3cb14\src\Orchard\InvokeExtensions.cs:line 17
2015-02-21 14:56:57,191 [79] Orchard.ContentManagement.Drivers.Coordinators.ContentPartDriverCoordinator - Default - TargetInvocationException thrown from IContentPartDriver by Orchard.Core.Containers.Drivers.ContainerWidgetPartDriver
 http://localhost:1992/
System.Reflection.TargetInvocationException: Exception has been thrown by the target of an invocation. ---> System.NullReferenceException: Object reference not set to an instance of an object.
   at lambda_method(Closure )
   --- End of inner exception stack trace ---
   at System.RuntimeMethodHandle.InvokeMethod(Object target, Object[] arguments, Signature sig, Boolean constructor)
   at System.Reflection.RuntimeMethodInfo.UnsafeInvokeInternal(Object obj, Object[] parameters, Object[] arguments)
   at System.Delegate.DynamicInvokeImpl(Object[] args)
   at NHibernate.Linq.Visitors.Evaluator.SubtreeEvaluator.Evaluate(Expression e)
   at NHibernate.Linq.Visitors.Evaluator.SubtreeEvaluator.Visit(Expression exp)
   at NHibernate.Linq.Visitors.ExpressionVisitor.VisitBinary(BinaryExpression b)
   at NHibernate.Linq.Visitors.ExpressionVisitor.Visit(Expression exp)
   at NHibernate.Linq.Visitors.Evaluator.SubtreeEvaluator.Visit(Expression exp)
   at NHibernate.Linq.Visitors.ExpressionVisitor.VisitLambda(LambdaExpression lambda)
   at NHibernate.Linq.Visitors.ExpressionVisitor.Visit(Expression exp)
   at NHibernate.Linq.Visitors.Evaluator.SubtreeEvaluator.Visit(Expression exp)
   at NHibernate.Linq.Visitors.ExpressionVisitor.VisitUnary(UnaryExpression u)
   at NHibernate.Linq.Visitors.ExpressionVisitor.Visit(Expression exp)
   at NHibernate.Linq.Visitors.Evaluator.SubtreeEvaluator.Visit(Expression exp)
   at NHibernate.Linq.Visitors.ExpressionVisitor.VisitList(ReadOnlyCollection`1 original)
   at NHibernate.Linq.Visitors.ExpressionVisitor.VisitMethodCall(MethodCallExpression m)
   at NHibernate.Linq.Visitors.ExpressionVisitor.Visit(Expression exp)
   at NHibernate.Linq.Visitors.Evaluator.SubtreeEvaluator.Visit(Expression exp)
   at NHibernate.Linq.Visitors.Evaluator.PartialEval(Expression expression, Func`2 fnCanBeEvaluated)
   at NHibernate.Linq.Visitors.Evaluator.PartialEval(Expression expression)
   at NHibernate.Linq.NHibernateQueryProvider.TranslateExpression(Expression expression)
   at Orchard.ContentManagement.DefaultContentQuery.Where[TRecord](Expression`1 predicate, ICriteria bindCriteria) in z:\Builds\work\d1eb156ccc3cb14\src\Orchard\ContentManagement\DefaultContentQuery.cs:line 104
   at Orchard.ContentManagement.DefaultContentQuery.Where[TRecord](Expression`1 predicate) in z:\Builds\work\d1eb156ccc3cb14\src\Orchard\ContentManagement\DefaultContentQuery.cs:line 94
   at Orchard.ContentManagement.DefaultContentQuery.ContentQuery`2.Orchard.ContentManagement.IContentQuery<T,TR>.Where(Expression`1 predicate) in z:\Builds\work\d1eb156ccc3cb14\src\Orchard\ContentManagement\DefaultContentQuery.cs:line 318
   at Orchard.Core.Containers.Drivers.ContainerWidgetPartDriver.<>c__DisplayClass6.<Display>b__4() in z:\Builds\work\d1eb156ccc3cb14\src\Orchard.Web\Core\Containers\Drivers\ContainerWidgetPartDriver.cs:line 30
   at Orchard.ContentManagement.Drivers.ContentPartDriver`1.<>c__DisplayClassf.<ContentShape>b__e(BuildShapeContext ctx) in z:\Builds\work\d1eb156ccc3cb14\src\Orchard\ContentManagement\Drivers\ContentPartDriver.cs:line 131
   at Orchard.ContentManagement.Drivers.ContentPartDriver`1.<>c__DisplayClass15.<ContentShapeImplementation>b__14(BuildShapeContext ctx) in z:\Builds\work\d1eb156ccc3cb14\src\Orchard\ContentManagement\Drivers\ContentPartDriver.cs:line 140
   at Orchard.ContentManagement.Drivers.ContentShapeResult.ApplyImplementation(BuildShapeContext context, String displayType) in z:\Builds\work\d1eb156ccc3cb14\src\Orchard\ContentManagement\Drivers\ContentShapeResult.cs:line 45
   at Orchard.ContentManagement.Drivers.ContentShapeResult.Apply(BuildDisplayContext context) in z:\Builds\work\d1eb156ccc3cb14\src\Orchard\ContentManagement\Drivers\ContentShapeResult.cs:line 21
   at Orchard.ContentManagement.Drivers.Coordinators.ContentPartDriverCoordinator.<>c__DisplayClassa.<BuildDisplay>b__9(IContentPartDriver driver) in z:\Builds\work\d1eb156ccc3cb14\src\Orchard\ContentManagement\Drivers\Coordinators\ContentPartDriverCoordinator.cs:line 49
   at Orchard.InvokeExtensions.Invoke[TEvents](IEnumerable`1 events, Action`1 dispatch, ILogger logger) in z:\Builds\work\d1eb156ccc3cb14\src\Orchard\InvokeExtensions.cs:line 17
2015-02-21 17:42:29,234 [77] Orchard.ContentManagement.Drivers.Coordinators.ContentPartDriverCoordinator - Default - TargetInvocationException thrown from IContentPartDriver by Orchard.Core.Containers.Drivers.ContainerWidgetPartDriver
 http://localhost:1992/
System.Reflection.TargetInvocationException: Exception has been thrown by the target of an invocation. ---> System.NullReferenceException: Object reference not set to an instance of an object.
   at lambda_method(Closure )
   --- End of inner exception stack trace ---
   at System.RuntimeMethodHandle.InvokeMethod(Object target, Object[] arguments, Signature sig, Boolean constructor)
   at System.Reflection.RuntimeMethodInfo.UnsafeInvokeInternal(Object obj, Object[] parameters, Object[] arguments)
   at System.Delegate.DynamicInvokeImpl(Object[] args)
   at NHibernate.Linq.Visitors.Evaluator.SubtreeEvaluator.Evaluate(Expression e)
   at NHibernate.Linq.Visitors.Evaluator.SubtreeEvaluator.Visit(Expression exp)
   at NHibernate.Linq.Visitors.ExpressionVisitor.VisitBinary(BinaryExpression b)
   at NHibernate.Linq.Visitors.ExpressionVisitor.Visit(Expression exp)
   at NHibernate.Linq.Visitors.Evaluator.SubtreeEvaluator.Visit(Expression exp)
   at NHibernate.Linq.Visitors.ExpressionVisitor.VisitLambda(LambdaExpression lambda)
   at NHibernate.Linq.Visitors.ExpressionVisitor.Visit(Expression exp)
   at NHibernate.Linq.Visitors.Evaluator.SubtreeEvaluator.Visit(Expression exp)
   at NHibernate.Linq.Visitors.ExpressionVisitor.VisitUnary(UnaryExpression u)
   at NHibernate.Linq.Visitors.ExpressionVisitor.Visit(Expression exp)
   at NHibernate.Linq.Visitors.Evaluator.SubtreeEvaluator.Visit(Expression exp)
   at NHibernate.Linq.Visitors.ExpressionVisitor.VisitList(ReadOnlyCollection`1 original)
   at NHibernate.Linq.Visitors.ExpressionVisitor.VisitMethodCall(MethodCallExpression m)
   at NHibernate.Linq.Visitors.ExpressionVisitor.Visit(Expression exp)
   at NHibernate.Linq.Visitors.Evaluator.SubtreeEvaluator.Visit(Expression exp)
   at NHibernate.Linq.Visitors.Evaluator.PartialEval(Expression expression, Func`2 fnCanBeEvaluated)
   at NHibernate.Linq.Visitors.Evaluator.PartialEval(Expression expression)
   at NHibernate.Linq.NHibernateQueryProvider.TranslateExpression(Expression expression)
   at Orchard.ContentManagement.DefaultContentQuery.Where[TRecord](Expression`1 predicate, ICriteria bindCriteria) in z:\Builds\work\d1eb156ccc3cb14\src\Orchard\ContentManagement\DefaultContentQuery.cs:line 104
   at Orchard.ContentManagement.DefaultContentQuery.Where[TRecord](Expression`1 predicate) in z:\Builds\work\d1eb156ccc3cb14\src\Orchard\ContentManagement\DefaultContentQuery.cs:line 94
   at Orchard.ContentManagement.DefaultContentQuery.ContentQuery`2.Orchard.ContentManagement.IContentQuery<T,TR>.Where(Expression`1 predicate) in z:\Builds\work\d1eb156ccc3cb14\src\Orchard\ContentManagement\DefaultContentQuery.cs:line 318
   at Orchard.Core.Containers.Drivers.ContainerWidgetPartDriver.<>c__DisplayClass6.<Display>b__4() in z:\Builds\work\d1eb156ccc3cb14\src\Orchard.Web\Core\Containers\Drivers\ContainerWidgetPartDriver.cs:line 30
   at Orchard.ContentManagement.Drivers.ContentPartDriver`1.<>c__DisplayClassf.<ContentShape>b__e(BuildShapeContext ctx) in z:\Builds\work\d1eb156ccc3cb14\src\Orchard\ContentManagement\Drivers\ContentPartDriver.cs:line 131
   at Orchard.ContentManagement.Drivers.ContentPartDriver`1.<>c__DisplayClass15.<ContentShapeImplementation>b__14(BuildShapeContext ctx) in z:\Builds\work\d1eb156ccc3cb14\src\Orchard\ContentManagement\Drivers\ContentPartDriver.cs:line 140
   at Orchard.ContentManagement.Drivers.ContentShapeResult.ApplyImplementation(BuildShapeContext context, String displayType) in z:\Builds\work\d1eb156ccc3cb14\src\Orchard2015-02-21 18:46:21,661 [11] Orchard.ContentManagement.Drivers.Coordinators.ContentPartDriverCoordinator - Default - TargetInvocationException thrown from IContentPartDriver by Orchard.Core.Containers.Drivers.ContainerWidgetPartDriver
 http://localhost:1992/
System.Reflection.TargetInvocationException: Exception has been thrown by the target of an invocation. ---> System.NullReferenceException: Object reference not set to an instance of an object.
   at lambda_method(Closure )
   --- End of inner exception stack trace ---
   at System.RuntimeMethodHandle.InvokeMethod(Object target, Object[] arguments, Signature sig, Boolean constructor)
   at System.Reflection.RuntimeMethodInfo.UnsafeInvokeInternal(Object obj, Object[] parameters, Object[] arguments)
   at System.Delegate.DynamicInvokeImpl(Object[] args)
   at NHibernate.Linq.Visitors.Evaluator.SubtreeEvaluator.Evaluate(Expression e)
   at NHibernate.Linq.Visitors.Evaluator.SubtreeEvaluator.Visit(Expression exp)
   at NHibernate.Linq.Visitors.ExpressionVisitor.VisitBinary(BinaryExpression b)
   at NHibernate.Linq.Visitors.ExpressionVisitor.Visit(Expression exp)
   at NHibernate.Linq.Visitors.Evaluator.SubtreeEvaluator.Visit(Expression exp)
   at NHibernate.Linq.Visitors.ExpressionVisitor.VisitLambda(LambdaExpression lambda)
   at NHibernate.Linq.Visitors.ExpressionVisitor.Visit(Expression exp)
   at NHibernate.Linq.Visitors.Evaluator.SubtreeEvaluator.Visit(Expression exp)
   at NHibernate.Linq.Visitors.ExpressionVisitor.VisitUnary(UnaryExpression u)
   at NHibernate.Linq.Visitors.ExpressionVisitor.Visit(Expression exp)
   at NHibernate.Linq.Visitors.Evaluator.SubtreeEvaluator.Visit(Expression exp)
   at NHibernate.Linq.Visitors.ExpressionVisitor.VisitList(ReadOnlyCollection`1 original)
   at NHibernate.Linq.Visitors.ExpressionVisitor.VisitMethodCall(MethodCallExpression m)
   at NHibernate.Linq.Visitors.ExpressionVisitor.Visit(Expression exp)
   at NHibernate.Linq.Visitors.Evaluator.SubtreeEvaluator.Visit(Expression exp)
   at NHibernate.Linq.Visitors.Evaluator.PartialEval(Expression expression, Func`2 fnCanBeEvaluated)
   at NHibernate.Linq.Visitors.Evaluator.PartialEval(Expression expression)
   at NHibernate.Linq.NHibernateQueryProvider.TranslateExpression(Expression expression)
   at Orchard.ContentManagement.DefaultContentQuery.Where[TRecord](Expression`1 predicate, ICriteria bindCriteria) in z:\Builds\work\d1eb156ccc3cb14\src\Orchard\ContentManagement\DefaultContentQuery.cs:line 104
   at Orchard.ContentManagement.DefaultContentQuery.Where[TRecord](Expression`1 predicate) in z:\Builds\work\d1eb156ccc3cb14\src\Orchard\ContentManagement\DefaultContentQuery.cs:line 94
   at Orchard.ContentManagement.DefaultContentQuery.ContentQuery`2.Orchard.ContentManagement.IContentQuery<T,TR>.Where(Expression`1 predicate) in z:\Builds\work\d1eb156ccc3cb14\src\Orchard\ContentManagement\DefaultContentQuery.cs:line 318
   at Orchard.Core.Containers.Drivers.ContainerWidgetPartDriver.<>c__DisplayClass6.<Display>b__4() in z:\Builds\work\d1eb156ccc3cb14\src\Orchard.Web\Core\Containers\Drivers\ContainerWidgetPartDriver.cs:line 30
   at Orchard.ContentManagement.Drivers.ContentPartDriver`1.<>c__DisplayClassf.<ContentShape>b__e(BuildShapeContext ctx) in z:\Builds\work\d1eb156ccc3cb14\src\Orchard\ContentManagement\Drivers\ContentPartDriver.cs:line 131
   at Orchard.ContentManagement.Drivers.ContentPartDriver`1.<>c__DisplayClass15.<ContentShapeImplementation>b__14(BuildShapeContext ctx) in z:\Builds\work\d1eb156ccc3cb14\src\Orchard\ContentManagement\Drivers\ContentPartDriver.cs:line 140
   at Orchard.ContentManagement.Drivers.ContentShapeResult.ApplyImplementation(BuildShapeContext context, String displayType) in z:\Builds\work\d1eb156ccc3cb14\src\Orchard\ContentManagement\Drivers\ContentShapeResult.cs:line 45
   at Orchard.ContentManagement.Drivers.ContentShapeResult.Apply(BuildDisplayContext context) in z:\Builds\work\d1eb156ccc3cb14\src\Orchard\ContentManagement\Drivers\ContentShapeResult.cs:line 21
   at Orchard.ContentManagement.Drivers.Coordinators.Conte